running egg_info
writing ../../build/lab1_py_pkg/lab1_py_pkg.egg-info/PKG-INFO
writing dependency_links to ../../build/lab1_py_pkg/lab1_py_pkg.egg-info/dependency_links.txt
writing entry points to ../../build/lab1_py_pkg/lab1_py_pkg.egg-info/entry_points.txt
writing requirements to ../../build/lab1_py_pkg/lab1_py_pkg.egg-info/requires.txt
writing top-level names to ../../build/lab1_py_pkg/lab1_py_pkg.egg-info/top_level.txt
reading manifest file '../../build/lab1_py_pkg/lab1_py_pkg.egg-info/SOURCES.txt'
writing manifest file '../../build/lab1_py_pkg/lab1_py_pkg.egg-info/SOURCES.txt'
running build
running build_py
running install
running install_lib
running install_data
running install_egg_info
removing '/home/jffg/Desktop/CargaBot/ROS2_Software/ros2_ws/install/lab1_py_pkg/lib/python3.12/site-packages/lab1_py_pkg-0.0.0-py3.12.egg-info' (and everything under it)
Copying ../../build/lab1_py_pkg/lab1_py_pkg.egg-info to /home/jffg/Desktop/CargaBot/ROS2_Software/ros2_ws/install/lab1_py_pkg/lib/python3.12/site-packages/lab1_py_pkg-0.0.0-py3.12.egg-info
running install_scripts
Installing serial_bridge_zero script to /home/jffg/Desktop/CargaBot/ROS2_Software/ros2_ws/install/lab1_py_pkg/lib/lab1_py_pkg
Installing turtle_bot_interface script to /home/jffg/Desktop/CargaBot/ROS2_Software/ros2_ws/install/lab1_py_pkg/lib/lab1_py_pkg
Installing turtle_bot_player script to /home/jffg/Desktop/CargaBot/ROS2_Software/ros2_ws/install/lab1_py_pkg/lib/lab1_py_pkg
Installing turtle_bot_serial_bridge script to /home/jffg/Desktop/CargaBot/ROS2_Software/ros2_ws/install/lab1_py_pkg/lib/lab1_py_pkg
Installing turtle_bot_teleop script to /home/jffg/Desktop/CargaBot/ROS2_Software/ros2_ws/install/lab1_py_pkg/lib/lab1_py_pkg
writing list of installed files to '/home/jffg/Desktop/CargaBot/ROS2_Software/ros2_ws/build/lab1_py_pkg/install.log'
