[0.015s] Invoking command in '/home/felipe/Desktop/Robotica_Proy/CargaBot/ROS2_Software/ros2_ws/build/lab1_msgs': CMAKE_PREFIX_PATH=${CMAKE_PREFIX_PATH}:/opt/ros/jazzy DEBUGINFOD_URLS=https://debuginfod.ubuntu.com /usr/bin/cmake /home/felipe/Desktop/Robotica_Proy/CargaBot/ROS2_Software/ros2_ws/src/lab1_msgs -DPython3_EXECUTABLE=/usr/bin/python3.12 -DCMAKE_INSTALL_PREFIX=/home/felipe/Desktop/Robotica_Proy/CargaBot/ROS2_Software/ros2_ws/install/lab1_msgs
[0.100s] -- The C compiler identification is GNU 13.3.0
[0.186s] -- The CXX compiler identification is GNU 13.3.0
[0.215s] -- Detecting C compiler ABI info
[0.359s] -- Detecting C compiler ABI info - done
[0.370s] -- Check for working C compiler: /usr/bin/cc - skipped
[0.371s] -- Detecting C compile features
[0.372s] -- Detecting C compile features - done
[0.389s] -- Detecting CXX compiler ABI info
[0.545s] -- Detecting CXX compiler ABI info - done
[0.557s] -- Check for working CXX compiler: /usr/bin/c++ - skipped
[0.557s] -- Detecting CXX compile features
[0.558s] -- Detecting CXX compile features - done
[0.562s] -- Found ament_cmake: 2.5.5 (/opt/ros/jazzy/share/ament_cmake/cmake)
[0.763s] -- Found Python3: /usr/bin/python3.12 (found version "3.12.3") found components: Interpreter 
[0.907s] -- Found rosidl_default_generators: 1.6.0 (/opt/ros/jazzy/share/rosidl_default_generators/cmake)
[0.914s] -- Using all available rosidl_typesupport_c: rosidl_typesupport_fastrtps_c;rosidl_typesupport_introspection_c
[0.987s] -- Using all available rosidl_typesupport_cpp: rosidl_typesupport_fastrtps_cpp;rosidl_typesupport_introspection_cpp
[1.044s] -- Found rosidl_adapter: 4.6.7 (/opt/ros/jazzy/share/rosidl_adapter/cmake)
[1.048s] -- Found std_msgs: 5.3.6 (/opt/ros/jazzy/share/std_msgs/cmake)
[1.514s] -- Found ament_cmake_ros: 0.12.0 (/opt/ros/jazzy/share/ament_cmake_ros/cmake)
[1.865s] -- Using all available rosidl_typesupport_c: rosidl_typesupport_fastrtps_c;rosidl_typesupport_introspection_c
[2.310s] -- Using all available rosidl_typesupport_cpp: rosidl_typesupport_fastrtps_cpp;rosidl_typesupport_introspection_cpp
[2.312s] -- Found python_cmake_module: 0.11.1 (/opt/ros/jazzy/share/python_cmake_module/cmake)
[2.412s] -- Found PythonExtra: /usr/bin/python3.12  
[2.716s] -- Found Python3: /usr/bin/python3.12 (found version "3.12.3") found components: Interpreter Development NumPy Development.Module Development.Embed 
[2.752s] -- Configuring done (2.7s)
[2.788s] -- Generating done (0.0s)
[2.795s] -- Build files have been written to: /home/felipe/Desktop/Robotica_Proy/CargaBot/ROS2_Software/ros2_ws/build/lab1_msgs
[2.804s] Invoked command in '/home/felipe/Desktop/Robotica_Proy/CargaBot/ROS2_Software/ros2_ws/build/lab1_msgs' returned '0': CMAKE_PREFIX_PATH=${CMAKE_PREFIX_PATH}:/opt/ros/jazzy DEBUGINFOD_URLS=https://debuginfod.ubuntu.com /usr/bin/cmake /home/felipe/Desktop/Robotica_Proy/CargaBot/ROS2_Software/ros2_ws/src/lab1_msgs -DPython3_EXECUTABLE=/usr/bin/python3.12 -DCMAKE_INSTALL_PREFIX=/home/felipe/Desktop/Robotica_Proy/CargaBot/ROS2_Software/ros2_ws/install/lab1_msgs
[2.805s] Invoking command in '/home/felipe/Desktop/Robotica_Proy/CargaBot/ROS2_Software/ros2_ws/build/lab1_msgs': CMAKE_PREFIX_PATH=${CMAKE_PREFIX_PATH}:/opt/ros/jazzy DEBUGINFOD_URLS=https://debuginfod.ubuntu.com /usr/bin/cmake --build /home/felipe/Desktop/Robotica_Proy/CargaBot/ROS2_Software/ros2_ws/build/lab1_msgs -- -j16 -l16
[2.850s] [  2%] [34m[1mGenerating type hashes for ROS interfaces[0m
[2.859s] [  2%] Built target ament_cmake_python_copy_lab1_msgs
[2.972s] [  2%] Built target lab1_msgs__rosidl_generator_type_description
[2.981s] [  4%] [34m[1mGenerating C code for ROS interfaces[0m
[2.992s] [  6%] [34m[1mGenerating C++ code for ROS interfaces[0m
[2.997s] running egg_info
[2.998s] creating lab1_msgs.egg-info
[3.012s] writing lab1_msgs.egg-info/PKG-INFO
[3.012s] writing dependency_links to lab1_msgs.egg-info/dependency_links.txt
[3.012s] writing top-level names to lab1_msgs.egg-info/top_level.txt
[3.012s] writing manifest file 'lab1_msgs.egg-info/SOURCES.txt'
[3.048s] reading manifest file 'lab1_msgs.egg-info/SOURCES.txt'
[3.048s] writing manifest file 'lab1_msgs.egg-info/SOURCES.txt'
[3.070s] [  6%] Built target ament_cmake_python_build_lab1_msgs_egg
[3.175s] [  6%] Built target lab1_msgs__cpp
[3.196s] [ 18%] [32mBuilding C object CMakeFiles/lab1_msgs__rosidl_generator_c.dir/rosidl_generator_c/lab1_msgs/msg/detail/robot_action__type_support.c.o[0m
[3.196s] [ 18%] [32mBuilding C object CMakeFiles/lab1_msgs__rosidl_generator_c.dir/rosidl_generator_c/lab1_msgs/srv/detail/play_recording__description.c.o[0m
[3.196s] [ 18%] [32mBuilding C object CMakeFiles/lab1_msgs__rosidl_generator_c.dir/rosidl_generator_c/lab1_msgs/msg/detail/robot_action__description.c.o[0m
[3.196s] [ 18%] [32mBuilding C object CMakeFiles/lab1_msgs__rosidl_generator_c.dir/rosidl_generator_c/lab1_msgs/srv/detail/play_recording__type_support.c.o[0m
[3.196s] [ 18%] [32mBuilding C object CMakeFiles/lab1_msgs__rosidl_generator_c.dir/rosidl_generator_c/lab1_msgs/msg/detail/robot_action__functions.c.o[0m
[3.196s] [ 20%] [32mBuilding C object CMakeFiles/lab1_msgs__rosidl_generator_c.dir/rosidl_generator_c/lab1_msgs/srv/detail/play_recording__functions.c.o[0m
[3.249s] [ 22%] [32m[1mLinking C shared library liblab1_msgs__rosidl_generator_c.so[0m
[3.283s] [ 22%] Built target lab1_msgs__rosidl_generator_c
[3.292s] [ 34%] [34m[1mGenerating C++ type support dispatch for ROS interfaces[0m
[3.292s] [ 34%] [34m[1mGenerating C type support for eProsima Fast-RTPS[0m
[3.292s] [ 34%] [34m[1mGenerating C introspection for ROS interfaces[0m
[3.292s] [ 34%] [34m[1mGenerating C++ type support for eProsima Fast-RTPS[0m
[3.292s] [ 34%] [34m[1mGenerating C type support dispatch for ROS interfaces[0m
[3.292s] [ 36%] [34m[1mGenerating C++ introspection for ROS interfaces[0m
[3.458s] [ 43%] [32mBuilding CXX object CMakeFiles/lab1_msgs__rosidl_typesupport_c.dir/rosidl_typesupport_c/lab1_msgs/msg/robot_action__type_support.cpp.o[0m
[3.458s] [ 43%] [32mBuilding CXX object CMakeFiles/lab1_msgs__rosidl_typesupport_cpp.dir/rosidl_typesupport_cpp/lab1_msgs/msg/robot_action__type_support.cpp.o[0m
[3.458s] [ 43%] [32mBuilding CXX object CMakeFiles/lab1_msgs__rosidl_typesupport_cpp.dir/rosidl_typesupport_cpp/lab1_msgs/srv/play_recording__type_support.cpp.o[0m
[3.458s] [ 45%] [32mBuilding CXX object CMakeFiles/lab1_msgs__rosidl_typesupport_c.dir/rosidl_typesupport_c/lab1_msgs/srv/play_recording__type_support.cpp.o[0m
[3.481s] [ 50%] [32mBuilding C object CMakeFiles/lab1_msgs__rosidl_typesupport_introspection_c.dir/rosidl_typesupport_introspection_c/lab1_msgs/msg/detail/robot_action__type_support.c.o[0m
[3.482s] [ 50%] [32mBuilding CXX object CMakeFiles/lab1_msgs__rosidl_typesupport_introspection_cpp.dir/rosidl_typesupport_introspection_cpp/lab1_msgs/msg/detail/robot_action__type_support.cpp.o[0m
[3.482s] [ 52%] [32mBuilding CXX object CMakeFiles/lab1_msgs__rosidl_typesupport_introspection_cpp.dir/rosidl_typesupport_introspection_cpp/lab1_msgs/srv/detail/play_recording__type_support.cpp.o[0m
[3.483s] [ 54%] [32mBuilding C object CMakeFiles/lab1_msgs__rosidl_typesupport_introspection_c.dir/rosidl_typesupport_introspection_c/lab1_msgs/srv/detail/play_recording__type_support.c.o[0m
[3.500s] [ 56%] [32m[1mLinking CXX shared library liblab1_msgs__rosidl_typesupport_c.so[0m
[3.514s] [ 61%] [32mBuilding CXX object CMakeFiles/lab1_msgs__rosidl_typesupport_fastrtps_cpp.dir/rosidl_typesupport_fastrtps_cpp/lab1_msgs/msg/detail/dds_fastrtps/robot_action__type_support.cpp.o[0m
[3.514s] [ 61%] [32mBuilding CXX object CMakeFiles/lab1_msgs__rosidl_typesupport_fastrtps_cpp.dir/rosidl_typesupport_fastrtps_cpp/lab1_msgs/srv/detail/dds_fastrtps/play_recording__type_support.cpp.o[0m
[3.530s] [ 63%] [32m[1mLinking C shared library liblab1_msgs__rosidl_typesupport_introspection_c.so[0m
[3.535s] [ 68%] [32mBuilding CXX object CMakeFiles/lab1_msgs__rosidl_typesupport_fastrtps_c.dir/rosidl_typesupport_fastrtps_c/lab1_msgs/srv/detail/play_recording__type_support_c.cpp.o[0m
[3.535s] [ 68%] [32mBuilding CXX object CMakeFiles/lab1_msgs__rosidl_typesupport_fastrtps_c.dir/rosidl_typesupport_fastrtps_c/lab1_msgs/msg/detail/robot_action__type_support_c.cpp.o[0m
[3.549s] [ 68%] Built target lab1_msgs__rosidl_typesupport_c
[3.571s] [ 68%] Built target lab1_msgs__rosidl_typesupport_introspection_c
[3.751s] [ 70%] [32m[1mLinking CXX shared library liblab1_msgs__rosidl_typesupport_cpp.so[0m
[3.787s] [ 72%] [32m[1mLinking CXX shared library liblab1_msgs__rosidl_typesupport_introspection_cpp.so[0m
[3.819s] [ 72%] Built target lab1_msgs__rosidl_typesupport_cpp
[3.851s] [ 72%] Built target lab1_msgs__rosidl_typesupport_introspection_cpp
[3.883s] [ 75%] [32m[1mLinking CXX shared library liblab1_msgs__rosidl_typesupport_fastrtps_c.so[0m
[3.934s] [ 77%] [32m[1mLinking CXX shared library liblab1_msgs__rosidl_typesupport_fastrtps_cpp.so[0m
[3.940s] [ 77%] Built target lab1_msgs__rosidl_typesupport_fastrtps_c
[3.990s] [ 77%] Built target lab1_msgs__rosidl_typesupport_fastrtps_cpp
[4.011s] [ 77%] Built target lab1_msgs
[4.031s] [ 79%] [34m[1mGenerating Python code for ROS interfaces[0m
[4.252s] [ 79%] Built target lab1_msgs__py
[4.274s] [ 81%] [32mBuilding C object CMakeFiles/lab1_msgs__rosidl_generator_py.dir/rosidl_generator_py/lab1_msgs/msg/_robot_action_s.c.o[0m
[4.274s] [ 84%] [32mBuilding C object CMakeFiles/lab1_msgs__rosidl_generator_py.dir/rosidl_generator_py/lab1_msgs/srv/_play_recording_s.c.o[0m
[4.373s] [ 86%] [32m[1mLinking C shared library liblab1_msgs__rosidl_generator_py.so[0m
[4.411s] [ 86%] Built target lab1_msgs__rosidl_generator_py
[4.428s] [ 93%] [32mBuilding C object CMakeFiles/lab1_msgs_s__rosidl_typesupport_c.dir/rosidl_generator_py/lab1_msgs/_lab1_msgs_s.ep.rosidl_typesupport_c.c.o[0m
[4.428s] [ 93%] [32mBuilding C object CMakeFiles/lab1_msgs_s__rosidl_typesupport_introspection_c.dir/rosidl_generator_py/lab1_msgs/_lab1_msgs_s.ep.rosidl_typesupport_introspection_c.c.o[0m
[4.428s] [ 93%] [32mBuilding C object CMakeFiles/lab1_msgs_s__rosidl_typesupport_fastrtps_c.dir/rosidl_generator_py/lab1_msgs/_lab1_msgs_s.ep.rosidl_typesupport_fastrtps_c.c.o[0m
[4.503s] [ 95%] [32m[1mLinking C shared module rosidl_generator_py/lab1_msgs/lab1_msgs_s__rosidl_typesupport_introspection_c.so[0m
[4.504s] [ 97%] [32m[1mLinking C shared module rosidl_generator_py/lab1_msgs/lab1_msgs_s__rosidl_typesupport_c.so[0m
[4.506s] [100%] [32m[1mLinking C shared module rosidl_generator_py/lab1_msgs/lab1_msgs_s__rosidl_typesupport_fastrtps_c.so[0m
[4.532s] [100%] Built target lab1_msgs_s__rosidl_typesupport_c
[4.532s] [100%] Built target lab1_msgs_s__rosidl_typesupport_introspection_c
[4.534s] [100%] Built target lab1_msgs_s__rosidl_typesupport_fastrtps_c
[4.545s] Invoked command in '/home/felipe/Desktop/Robotica_Proy/CargaBot/ROS2_Software/ros2_ws/build/lab1_msgs' returned '0': CMAKE_PREFIX_PATH=${CMAKE_PREFIX_PATH}:/opt/ros/jazzy DEBUGINFOD_URLS=https://debuginfod.ubuntu.com /usr/bin/cmake --build /home/felipe/Desktop/Robotica_Proy/CargaBot/ROS2_Software/ros2_ws/build/lab1_msgs -- -j16 -l16
[4.555s] Invoking command in '/home/felipe/Desktop/Robotica_Proy/CargaBot/ROS2_Software/ros2_ws/build/lab1_msgs': CMAKE_PREFIX_PATH=${CMAKE_PREFIX_PATH}:/opt/ros/jazzy DEBUGINFOD_URLS=https://debuginfod.ubuntu.com /usr/bin/cmake --install /home/felipe/Desktop/Robotica_Proy/CargaBot/ROS2_Software/ros2_ws/build/lab1_msgs
[4.562s] -- Install configuration: ""
[4.563s] -- Installing: /home/felipe/Desktop/Robotica_Proy/CargaBot/ROS2_Software/ros2_ws/install/lab1_msgs/share/ament_index/resource_index/rosidl_interfaces/lab1_msgs
[4.563s] -- Installing: /home/felipe/Desktop/Robotica_Proy/CargaBot/ROS2_Software/ros2_ws/install/lab1_msgs/share/lab1_msgs/msg/RobotAction.json
[4.563s] -- Installing: /home/felipe/Desktop/Robotica_Proy/CargaBot/ROS2_Software/ros2_ws/install/lab1_msgs/share/lab1_msgs/srv/PlayRecording.json
[4.563s] -- Installing: /home/felipe/Desktop/Robotica_Proy/CargaBot/ROS2_Software/ros2_ws/install/lab1_msgs/include/lab1_msgs/lab1_msgs
[4.563s] -- Installing: /home/felipe/Desktop/Robotica_Proy/CargaBot/ROS2_Software/ros2_ws/install/lab1_msgs/include/lab1_msgs/lab1_msgs/srv
[4.563s] -- Installing: /home/felipe/Desktop/Robotica_Proy/CargaBot/ROS2_Software/ros2_ws/install/lab1_msgs/include/lab1_msgs/lab1_msgs/srv/play_recording.h
[4.563s] -- Installing: /home/felipe/Desktop/Robotica_Proy/CargaBot/ROS2_Software/ros2_ws/install/lab1_msgs/include/lab1_msgs/lab1_msgs/srv/detail
[4.563s] -- Installing: /home/felipe/Desktop/Robotica_Proy/CargaBot/ROS2_Software/ros2_ws/install/lab1_msgs/include/lab1_msgs/lab1_msgs/srv/detail/play_recording__type_support.h
[4.563s] -- Installing: /home/felipe/Desktop/Robotica_Proy/CargaBot/ROS2_Software/ros2_ws/install/lab1_msgs/include/lab1_msgs/lab1_msgs/srv/detail/play_recording__struct.h
[4.563s] -- Installing: /home/felipe/Desktop/Robotica_Proy/CargaBot/ROS2_Software/ros2_ws/install/lab1_msgs/include/lab1_msgs/lab1_msgs/srv/detail/play_recording__functions.c
[4.563s] -- Installing: /home/felipe/Desktop/Robotica_Proy/CargaBot/ROS2_Software/ros2_ws/install/lab1_msgs/include/lab1_msgs/lab1_msgs/srv/detail/play_recording__type_support.c
[4.563s] -- Installing: /home/felipe/Desktop/Robotica_Proy/CargaBot/ROS2_Software/ros2_ws/install/lab1_msgs/include/lab1_msgs/lab1_msgs/srv/detail/play_recording__description.c
[4.564s] -- Installing: /home/felipe/Desktop/Robotica_Proy/CargaBot/ROS2_Software/ros2_ws/install/lab1_msgs/include/lab1_msgs/lab1_msgs/srv/detail/play_recording__functions.h
[4.564s] -- Installing: /home/felipe/Desktop/Robotica_Proy/CargaBot/ROS2_Software/ros2_ws/install/lab1_msgs/include/lab1_msgs/lab1_msgs/msg
[4.564s] -- Installing: /home/felipe/Desktop/Robotica_Proy/CargaBot/ROS2_Software/ros2_ws/install/lab1_msgs/include/lab1_msgs/lab1_msgs/msg/rosidl_generator_c__visibility_control.h
[4.564s] -- Installing: /home/felipe/Desktop/Robotica_Proy/CargaBot/ROS2_Software/ros2_ws/install/lab1_msgs/include/lab1_msgs/lab1_msgs/msg/detail
[4.564s] -- Installing: /home/felipe/Desktop/Robotica_Proy/CargaBot/ROS2_Software/ros2_ws/install/lab1_msgs/include/lab1_msgs/lab1_msgs/msg/detail/robot_action__description.c
[4.564s] -- Installing: /home/felipe/Desktop/Robotica_Proy/CargaBot/ROS2_Software/ros2_ws/install/lab1_msgs/include/lab1_msgs/lab1_msgs/msg/detail/robot_action__type_support.c
[4.564s] -- Installing: /home/felipe/Desktop/Robotica_Proy/CargaBot/ROS2_Software/ros2_ws/install/lab1_msgs/include/lab1_msgs/lab1_msgs/msg/detail/robot_action__functions.h
[4.564s] -- Installing: /home/felipe/Desktop/Robotica_Proy/CargaBot/ROS2_Software/ros2_ws/install/lab1_msgs/include/lab1_msgs/lab1_msgs/msg/detail/robot_action__functions.c
[4.564s] -- Installing: /home/felipe/Desktop/Robotica_Proy/CargaBot/ROS2_Software/ros2_ws/install/lab1_msgs/include/lab1_msgs/lab1_msgs/msg/detail/robot_action__type_support.h
[4.565s] -- Installing: /home/felipe/Desktop/Robotica_Proy/CargaBot/ROS2_Software/ros2_ws/install/lab1_msgs/include/lab1_msgs/lab1_msgs/msg/detail/robot_action__struct.h
[4.565s] -- Installing: /home/felipe/Desktop/Robotica_Proy/CargaBot/ROS2_Software/ros2_ws/install/lab1_msgs/include/lab1_msgs/lab1_msgs/msg/robot_action.h
[4.565s] -- Installing: /home/felipe/Desktop/Robotica_Proy/CargaBot/ROS2_Software/ros2_ws/install/lab1_msgs/share/lab1_msgs/environment/library_path.sh
[4.565s] -- Installing: /home/felipe/Desktop/Robotica_Proy/CargaBot/ROS2_Software/ros2_ws/install/lab1_msgs/share/lab1_msgs/environment/library_path.dsv
[4.565s] -- Installing: /home/felipe/Desktop/Robotica_Proy/CargaBot/ROS2_Software/ros2_ws/install/lab1_msgs/lib/liblab1_msgs__rosidl_generator_c.so
[4.565s] -- Set non-toolchain portion of runtime path of "/home/felipe/Desktop/Robotica_Proy/CargaBot/ROS2_Software/ros2_ws/install/lab1_msgs/lib/liblab1_msgs__rosidl_generator_c.so" to ""
[4.565s] -- Up-to-date: /home/felipe/Desktop/Robotica_Proy/CargaBot/ROS2_Software/ros2_ws/install/lab1_msgs/include/lab1_msgs/lab1_msgs
[4.566s] -- Up-to-date: /home/felipe/Desktop/Robotica_Proy/CargaBot/ROS2_Software/ros2_ws/install/lab1_msgs/include/lab1_msgs/lab1_msgs/srv
[4.566s] -- Up-to-date: /home/felipe/Desktop/Robotica_Proy/CargaBot/ROS2_Software/ros2_ws/install/lab1_msgs/include/lab1_msgs/lab1_msgs/srv/detail
[4.566s] -- Installing: /home/felipe/Desktop/Robotica_Proy/CargaBot/ROS2_Software/ros2_ws/install/lab1_msgs/include/lab1_msgs/lab1_msgs/srv/detail/play_recording__rosidl_typesupport_fastrtps_c.h
[4.566s] -- Up-to-date: /home/felipe/Desktop/Robotica_Proy/CargaBot/ROS2_Software/ros2_ws/install/lab1_msgs/include/lab1_msgs/lab1_msgs/msg
[4.566s] -- Up-to-date: /home/felipe/Desktop/Robotica_Proy/CargaBot/ROS2_Software/ros2_ws/install/lab1_msgs/include/lab1_msgs/lab1_msgs/msg/detail
[4.566s] -- Installing: /home/felipe/Desktop/Robotica_Proy/CargaBot/ROS2_Software/ros2_ws/install/lab1_msgs/include/lab1_msgs/lab1_msgs/msg/detail/robot_action__rosidl_typesupport_fastrtps_c.h
[4.566s] -- Installing: /home/felipe/Desktop/Robotica_Proy/CargaBot/ROS2_Software/ros2_ws/install/lab1_msgs/include/lab1_msgs/lab1_msgs/msg/rosidl_typesupport_fastrtps_c__visibility_control.h
[4.566s] -- Installing: /home/felipe/Desktop/Robotica_Proy/CargaBot/ROS2_Software/ros2_ws/install/lab1_msgs/lib/liblab1_msgs__rosidl_typesupport_fastrtps_c.so
[4.566s] -- Set non-toolchain portion of runtime path of "/home/felipe/Desktop/Robotica_Proy/CargaBot/ROS2_Software/ros2_ws/install/lab1_msgs/lib/liblab1_msgs__rosidl_typesupport_fastrtps_c.so" to ""
[4.566s] -- Up-to-date: /home/felipe/Desktop/Robotica_Proy/CargaBot/ROS2_Software/ros2_ws/install/lab1_msgs/include/lab1_msgs/lab1_msgs
[4.566s] -- Up-to-date: /home/felipe/Desktop/Robotica_Proy/CargaBot/ROS2_Software/ros2_ws/install/lab1_msgs/include/lab1_msgs/lab1_msgs/srv
[4.566s] -- Up-to-date: /home/felipe/Desktop/Robotica_Proy/CargaBot/ROS2_Software/ros2_ws/install/lab1_msgs/include/lab1_msgs/lab1_msgs/srv/detail
[4.566s] -- Up-to-date: /home/felipe/Desktop/Robotica_Proy/CargaBot/ROS2_Software/ros2_ws/install/lab1_msgs/include/lab1_msgs/lab1_msgs/srv/detail/play_recording__type_support.c
[4.566s] -- Installing: /home/felipe/Desktop/Robotica_Proy/CargaBot/ROS2_Software/ros2_ws/install/lab1_msgs/include/lab1_msgs/lab1_msgs/srv/detail/play_recording__rosidl_typesupport_introspection_c.h
[4.566s] -- Up-to-date: /home/felipe/Desktop/Robotica_Proy/CargaBot/ROS2_Software/ros2_ws/install/lab1_msgs/include/lab1_msgs/lab1_msgs/msg
[4.566s] -- Installing: /home/felipe/Desktop/Robotica_Proy/CargaBot/ROS2_Software/ros2_ws/install/lab1_msgs/include/lab1_msgs/lab1_msgs/msg/rosidl_typesupport_introspection_c__visibility_control.h
[4.566s] -- Up-to-date: /home/felipe/Desktop/Robotica_Proy/CargaBot/ROS2_Software/ros2_ws/install/lab1_msgs/include/lab1_msgs/lab1_msgs/msg/detail
[4.566s] -- Up-to-date: /home/felipe/Desktop/Robotica_Proy/CargaBot/ROS2_Software/ros2_ws/install/lab1_msgs/include/lab1_msgs/lab1_msgs/msg/detail/robot_action__type_support.c
[4.566s] -- Installing: /home/felipe/Desktop/Robotica_Proy/CargaBot/ROS2_Software/ros2_ws/install/lab1_msgs/include/lab1_msgs/lab1_msgs/msg/detail/robot_action__rosidl_typesupport_introspection_c.h
[4.566s] -- Installing: /home/felipe/Desktop/Robotica_Proy/CargaBot/ROS2_Software/ros2_ws/install/lab1_msgs/lib/liblab1_msgs__rosidl_typesupport_introspection_c.so
[4.567s] -- Set non-toolchain portion of runtime path of "/home/felipe/Desktop/Robotica_Proy/CargaBot/ROS2_Software/ros2_ws/install/lab1_msgs/lib/liblab1_msgs__rosidl_typesupport_introspection_c.so" to ""
[4.567s] -- Installing: /home/felipe/Desktop/Robotica_Proy/CargaBot/ROS2_Software/ros2_ws/install/lab1_msgs/lib/liblab1_msgs__rosidl_typesupport_c.so
[4.567s] -- Set non-toolchain portion of runtime path of "/home/felipe/Desktop/Robotica_Proy/CargaBot/ROS2_Software/ros2_ws/install/lab1_msgs/lib/liblab1_msgs__rosidl_typesupport_c.so" to ""
[4.567s] -- Up-to-date: /home/felipe/Desktop/Robotica_Proy/CargaBot/ROS2_Software/ros2_ws/install/lab1_msgs/include/lab1_msgs/lab1_msgs
[4.567s] -- Up-to-date: /home/felipe/Desktop/Robotica_Proy/CargaBot/ROS2_Software/ros2_ws/install/lab1_msgs/include/lab1_msgs/lab1_msgs/srv
[4.567s] -- Up-to-date: /home/felipe/Desktop/Robotica_Proy/CargaBot/ROS2_Software/ros2_ws/install/lab1_msgs/include/lab1_msgs/lab1_msgs/srv/detail
[4.567s] -- Installing: /home/felipe/Desktop/Robotica_Proy/CargaBot/ROS2_Software/ros2_ws/install/lab1_msgs/include/lab1_msgs/lab1_msgs/srv/detail/play_recording__struct.hpp
[4.567s] -- Installing: /home/felipe/Desktop/Robotica_Proy/CargaBot/ROS2_Software/ros2_ws/install/lab1_msgs/include/lab1_msgs/lab1_msgs/srv/detail/play_recording__traits.hpp
[4.567s] -- Installing: /home/felipe/Desktop/Robotica_Proy/CargaBot/ROS2_Software/ros2_ws/install/lab1_msgs/include/lab1_msgs/lab1_msgs/srv/detail/play_recording__builder.hpp
[4.567s] -- Installing: /home/felipe/Desktop/Robotica_Proy/CargaBot/ROS2_Software/ros2_ws/install/lab1_msgs/include/lab1_msgs/lab1_msgs/srv/detail/play_recording__type_support.hpp
[4.568s] -- Installing: /home/felipe/Desktop/Robotica_Proy/CargaBot/ROS2_Software/ros2_ws/install/lab1_msgs/include/lab1_msgs/lab1_msgs/srv/play_recording.hpp
[4.568s] -- Up-to-date: /home/felipe/Desktop/Robotica_Proy/CargaBot/ROS2_Software/ros2_ws/install/lab1_msgs/include/lab1_msgs/lab1_msgs/msg
[4.568s] -- Installing: /home/felipe/Desktop/Robotica_Proy/CargaBot/ROS2_Software/ros2_ws/install/lab1_msgs/include/lab1_msgs/lab1_msgs/msg/robot_action.hpp
[4.568s] -- Installing: /home/felipe/Desktop/Robotica_Proy/CargaBot/ROS2_Software/ros2_ws/install/lab1_msgs/include/lab1_msgs/lab1_msgs/msg/rosidl_generator_cpp__visibility_control.hpp
[4.568s] -- Up-to-date: /home/felipe/Desktop/Robotica_Proy/CargaBot/ROS2_Software/ros2_ws/install/lab1_msgs/include/lab1_msgs/lab1_msgs/msg/detail
[4.568s] -- Installing: /home/felipe/Desktop/Robotica_Proy/CargaBot/ROS2_Software/ros2_ws/install/lab1_msgs/include/lab1_msgs/lab1_msgs/msg/detail/robot_action__builder.hpp
[4.568s] -- Installing: /home/felipe/Desktop/Robotica_Proy/CargaBot/ROS2_Software/ros2_ws/install/lab1_msgs/include/lab1_msgs/lab1_msgs/msg/detail/robot_action__struct.hpp
[4.568s] -- Installing: /home/felipe/Desktop/Robotica_Proy/CargaBot/ROS2_Software/ros2_ws/install/lab1_msgs/include/lab1_msgs/lab1_msgs/msg/detail/robot_action__type_support.hpp
[4.568s] -- Installing: /home/felipe/Desktop/Robotica_Proy/CargaBot/ROS2_Software/ros2_ws/install/lab1_msgs/include/lab1_msgs/lab1_msgs/msg/detail/robot_action__traits.hpp
[4.568s] -- Up-to-date: /home/felipe/Desktop/Robotica_Proy/CargaBot/ROS2_Software/ros2_ws/install/lab1_msgs/include/lab1_msgs/lab1_msgs
[4.568s] -- Up-to-date: /home/felipe/Desktop/Robotica_Proy/CargaBot/ROS2_Software/ros2_ws/install/lab1_msgs/include/lab1_msgs/lab1_msgs/srv
[4.568s] -- Up-to-date: /home/felipe/Desktop/Robotica_Proy/CargaBot/ROS2_Software/ros2_ws/install/lab1_msgs/include/lab1_msgs/lab1_msgs/srv/detail
[4.568s] -- Installing: /home/felipe/Desktop/Robotica_Proy/CargaBot/ROS2_Software/ros2_ws/install/lab1_msgs/include/lab1_msgs/lab1_msgs/srv/detail/play_recording__rosidl_typesupport_fastrtps_cpp.hpp
[4.569s] -- Installing: /home/felipe/Desktop/Robotica_Proy/CargaBot/ROS2_Software/ros2_ws/install/lab1_msgs/include/lab1_msgs/lab1_msgs/srv/detail/dds_fastrtps
[4.569s] -- Up-to-date: /home/felipe/Desktop/Robotica_Proy/CargaBot/ROS2_Software/ros2_ws/install/lab1_msgs/include/lab1_msgs/lab1_msgs/msg
[4.569s] -- Up-to-date: /home/felipe/Desktop/Robotica_Proy/CargaBot/ROS2_Software/ros2_ws/install/lab1_msgs/include/lab1_msgs/lab1_msgs/msg/detail
[4.569s] -- Installing: /home/felipe/Desktop/Robotica_Proy/CargaBot/ROS2_Software/ros2_ws/install/lab1_msgs/include/lab1_msgs/lab1_msgs/msg/detail/robot_action__rosidl_typesupport_fastrtps_cpp.hpp
[4.569s] -- Installing: /home/felipe/Desktop/Robotica_Proy/CargaBot/ROS2_Software/ros2_ws/install/lab1_msgs/include/lab1_msgs/lab1_msgs/msg/detail/dds_fastrtps
[4.569s] -- Installing: /home/felipe/Desktop/Robotica_Proy/CargaBot/ROS2_Software/ros2_ws/install/lab1_msgs/include/lab1_msgs/lab1_msgs/msg/rosidl_typesupport_fastrtps_cpp__visibility_control.h
[4.569s] -- Installing: /home/felipe/Desktop/Robotica_Proy/CargaBot/ROS2_Software/ros2_ws/install/lab1_msgs/lib/liblab1_msgs__rosidl_typesupport_fastrtps_cpp.so
[4.569s] -- Set non-toolchain portion of runtime path of "/home/felipe/Desktop/Robotica_Proy/CargaBot/ROS2_Software/ros2_ws/install/lab1_msgs/lib/liblab1_msgs__rosidl_typesupport_fastrtps_cpp.so" to ""
[4.569s] -- Up-to-date: /home/felipe/Desktop/Robotica_Proy/CargaBot/ROS2_Software/ros2_ws/install/lab1_msgs/include/lab1_msgs/lab1_msgs
[4.569s] -- Up-to-date: /home/felipe/Desktop/Robotica_Proy/CargaBot/ROS2_Software/ros2_ws/install/lab1_msgs/include/lab1_msgs/lab1_msgs/srv
[4.569s] -- Up-to-date: /home/felipe/Desktop/Robotica_Proy/CargaBot/ROS2_Software/ros2_ws/install/lab1_msgs/include/lab1_msgs/lab1_msgs/srv/detail
[4.569s] -- Installing: /home/felipe/Desktop/Robotica_Proy/CargaBot/ROS2_Software/ros2_ws/install/lab1_msgs/include/lab1_msgs/lab1_msgs/srv/detail/play_recording__type_support.cpp
[4.569s] -- Installing: /home/felipe/Desktop/Robotica_Proy/CargaBot/ROS2_Software/ros2_ws/install/lab1_msgs/include/lab1_msgs/lab1_msgs/srv/detail/play_recording__rosidl_typesupport_introspection_cpp.hpp
[4.570s] -- Up-to-date: /home/felipe/Desktop/Robotica_Proy/CargaBot/ROS2_Software/ros2_ws/install/lab1_msgs/include/lab1_msgs/lab1_msgs/msg
[4.570s] -- Up-to-date: /home/felipe/Desktop/Robotica_Proy/CargaBot/ROS2_Software/ros2_ws/install/lab1_msgs/include/lab1_msgs/lab1_msgs/msg/detail
[4.570s] -- Installing: /home/felipe/Desktop/Robotica_Proy/CargaBot/ROS2_Software/ros2_ws/install/lab1_msgs/include/lab1_msgs/lab1_msgs/msg/detail/robot_action__type_support.cpp
[4.570s] -- Installing: /home/felipe/Desktop/Robotica_Proy/CargaBot/ROS2_Software/ros2_ws/install/lab1_msgs/include/lab1_msgs/lab1_msgs/msg/detail/robot_action__rosidl_typesupport_introspection_cpp.hpp
[4.570s] -- Installing: /home/felipe/Desktop/Robotica_Proy/CargaBot/ROS2_Software/ros2_ws/install/lab1_msgs/lib/liblab1_msgs__rosidl_typesupport_introspection_cpp.so
[4.570s] -- Set non-toolchain portion of runtime path of "/home/felipe/Desktop/Robotica_Proy/CargaBot/ROS2_Software/ros2_ws/install/lab1_msgs/lib/liblab1_msgs__rosidl_typesupport_introspection_cpp.so" to ""
[4.570s] -- Installing: /home/felipe/Desktop/Robotica_Proy/CargaBot/ROS2_Software/ros2_ws/install/lab1_msgs/lib/liblab1_msgs__rosidl_typesupport_cpp.so
[4.571s] -- Set non-toolchain portion of runtime path of "/home/felipe/Desktop/Robotica_Proy/CargaBot/ROS2_Software/ros2_ws/install/lab1_msgs/lib/liblab1_msgs__rosidl_typesupport_cpp.so" to ""
[4.571s] -- Installing: /home/felipe/Desktop/Robotica_Proy/CargaBot/ROS2_Software/ros2_ws/install/lab1_msgs/share/lab1_msgs/environment/pythonpath.sh
[4.571s] -- Installing: /home/felipe/Desktop/Robotica_Proy/CargaBot/ROS2_Software/ros2_ws/install/lab1_msgs/share/lab1_msgs/environment/pythonpath.dsv
[4.571s] -- Installing: /home/felipe/Desktop/Robotica_Proy/CargaBot/ROS2_Software/ros2_ws/install/lab1_msgs/lib/python3.12/site-packages/lab1_msgs-0.0.0-py3.12.egg-info
[4.571s] -- Installing: /home/felipe/Desktop/Robotica_Proy/CargaBot/ROS2_Software/ros2_ws/install/lab1_msgs/lib/python3.12/site-packages/lab1_msgs-0.0.0-py3.12.egg-info/dependency_links.txt
[4.571s] -- Installing: /home/felipe/Desktop/Robotica_Proy/CargaBot/ROS2_Software/ros2_ws/install/lab1_msgs/lib/python3.12/site-packages/lab1_msgs-0.0.0-py3.12.egg-info/top_level.txt
[4.571s] -- Installing: /home/felipe/Desktop/Robotica_Proy/CargaBot/ROS2_Software/ros2_ws/install/lab1_msgs/lib/python3.12/site-packages/lab1_msgs-0.0.0-py3.12.egg-info/PKG-INFO
[4.571s] -- Installing: /home/felipe/Desktop/Robotica_Proy/CargaBot/ROS2_Software/ros2_ws/install/lab1_msgs/lib/python3.12/site-packages/lab1_msgs-0.0.0-py3.12.egg-info/SOURCES.txt
[4.571s] -- Installing: /home/felipe/Desktop/Robotica_Proy/CargaBot/ROS2_Software/ros2_ws/install/lab1_msgs/lib/python3.12/site-packages/lab1_msgs
[4.571s] -- Installing: /home/felipe/Desktop/Robotica_Proy/CargaBot/ROS2_Software/ros2_ws/install/lab1_msgs/lib/python3.12/site-packages/lab1_msgs/lab1_msgs_s__rosidl_typesupport_c.so
[4.571s] -- Installing: /home/felipe/Desktop/Robotica_Proy/CargaBot/ROS2_Software/ros2_ws/install/lab1_msgs/lib/python3.12/site-packages/lab1_msgs/_lab1_msgs_s.ep.rosidl_typesupport_c.c
[4.571s] -- Installing: /home/felipe/Desktop/Robotica_Proy/CargaBot/ROS2_Software/ros2_ws/install/lab1_msgs/lib/python3.12/site-packages/lab1_msgs/srv
[4.571s] -- Installing: /home/felipe/Desktop/Robotica_Proy/CargaBot/ROS2_Software/ros2_ws/install/lab1_msgs/lib/python3.12/site-packages/lab1_msgs/srv/_play_recording_s.c
[4.572s] -- Installing: /home/felipe/Desktop/Robotica_Proy/CargaBot/ROS2_Software/ros2_ws/install/lab1_msgs/lib/python3.12/site-packages/lab1_msgs/srv/__init__.py
[4.572s] -- Installing: /home/felipe/Desktop/Robotica_Proy/CargaBot/ROS2_Software/ros2_ws/install/lab1_msgs/lib/python3.12/site-packages/lab1_msgs/srv/_play_recording.py
[4.572s] -- Installing: /home/felipe/Desktop/Robotica_Proy/CargaBot/ROS2_Software/ros2_ws/install/lab1_msgs/lib/python3.12/site-packages/lab1_msgs/msg
[4.572s] -- Installing: /home/felipe/Desktop/Robotica_Proy/CargaBot/ROS2_Software/ros2_ws/install/lab1_msgs/lib/python3.12/site-packages/lab1_msgs/msg/_robot_action.py
[4.572s] -- Installing: /home/felipe/Desktop/Robotica_Proy/CargaBot/ROS2_Software/ros2_ws/install/lab1_msgs/lib/python3.12/site-packages/lab1_msgs/msg/_robot_action_s.c
[4.572s] -- Installing: /home/felipe/Desktop/Robotica_Proy/CargaBot/ROS2_Software/ros2_ws/install/lab1_msgs/lib/python3.12/site-packages/lab1_msgs/msg/__init__.py
[4.572s] -- Installing: /home/felipe/Desktop/Robotica_Proy/CargaBot/ROS2_Software/ros2_ws/install/lab1_msgs/lib/python3.12/site-packages/lab1_msgs/__init__.py
[4.572s] -- Installing: /home/felipe/Desktop/Robotica_Proy/CargaBot/ROS2_Software/ros2_ws/install/lab1_msgs/lib/python3.12/site-packages/lab1_msgs/lab1_msgs_s__rosidl_typesupport_introspection_c.so
[4.572s] -- Installing: /home/felipe/Desktop/Robotica_Proy/CargaBot/ROS2_Software/ros2_ws/install/lab1_msgs/lib/python3.12/site-packages/lab1_msgs/_lab1_msgs_s.ep.rosidl_typesupport_introspection_c.c
[4.572s] -- Installing: /home/felipe/Desktop/Robotica_Proy/CargaBot/ROS2_Software/ros2_ws/install/lab1_msgs/lib/python3.12/site-packages/lab1_msgs/lab1_msgs_s__rosidl_typesupport_fastrtps_c.so
[4.572s] -- Installing: /home/felipe/Desktop/Robotica_Proy/CargaBot/ROS2_Software/ros2_ws/install/lab1_msgs/lib/python3.12/site-packages/lab1_msgs/_lab1_msgs_s.ep.rosidl_typesupport_fastrtps_c.c
[4.599s] Listing '/home/felipe/Desktop/Robotica_Proy/CargaBot/ROS2_Software/ros2_ws/install/lab1_msgs/lib/python3.12/site-packages/lab1_msgs'...
[4.599s] Compiling '/home/felipe/Desktop/Robotica_Proy/CargaBot/ROS2_Software/ros2_ws/install/lab1_msgs/lib/python3.12/site-packages/lab1_msgs/__init__.py'...
[4.599s] Listing '/home/felipe/Desktop/Robotica_Proy/CargaBot/ROS2_Software/ros2_ws/install/lab1_msgs/lib/python3.12/site-packages/lab1_msgs/msg'...
[4.599s] Compiling '/home/felipe/Desktop/Robotica_Proy/CargaBot/ROS2_Software/ros2_ws/install/lab1_msgs/lib/python3.12/site-packages/lab1_msgs/msg/__init__.py'...
[4.599s] Compiling '/home/felipe/Desktop/Robotica_Proy/CargaBot/ROS2_Software/ros2_ws/install/lab1_msgs/lib/python3.12/site-packages/lab1_msgs/msg/_robot_action.py'...
[4.599s] Listing '/home/felipe/Desktop/Robotica_Proy/CargaBot/ROS2_Software/ros2_ws/install/lab1_msgs/lib/python3.12/site-packages/lab1_msgs/srv'...
[4.599s] Compiling '/home/felipe/Desktop/Robotica_Proy/CargaBot/ROS2_Software/ros2_ws/install/lab1_msgs/lib/python3.12/site-packages/lab1_msgs/srv/__init__.py'...
[4.599s] Compiling '/home/felipe/Desktop/Robotica_Proy/CargaBot/ROS2_Software/ros2_ws/install/lab1_msgs/lib/python3.12/site-packages/lab1_msgs/srv/_play_recording.py'...
[4.603s] -- Installing: /home/felipe/Desktop/Robotica_Proy/CargaBot/ROS2_Software/ros2_ws/install/lab1_msgs/lib/python3.12/site-packages/lab1_msgs/lab1_msgs_s__rosidl_typesupport_fastrtps_c.so
[4.604s] -- Set non-toolchain portion of runtime path of "/home/felipe/Desktop/Robotica_Proy/CargaBot/ROS2_Software/ros2_ws/install/lab1_msgs/lib/python3.12/site-packages/lab1_msgs/lab1_msgs_s__rosidl_typesupport_fastrtps_c.so" to ""
[4.604s] -- Installing: /home/felipe/Desktop/Robotica_Proy/CargaBot/ROS2_Software/ros2_ws/install/lab1_msgs/lib/python3.12/site-packages/lab1_msgs/lab1_msgs_s__rosidl_typesupport_introspection_c.so
[4.605s] -- Set non-toolchain portion of runtime path of "/home/felipe/Desktop/Robotica_Proy/CargaBot/ROS2_Software/ros2_ws/install/lab1_msgs/lib/python3.12/site-packages/lab1_msgs/lab1_msgs_s__rosidl_typesupport_introspection_c.so" to ""
[4.605s] -- Installing: /home/felipe/Desktop/Robotica_Proy/CargaBot/ROS2_Software/ros2_ws/install/lab1_msgs/lib/python3.12/site-packages/lab1_msgs/lab1_msgs_s__rosidl_typesupport_c.so
[4.605s] -- Set non-toolchain portion of runtime path of "/home/felipe/Desktop/Robotica_Proy/CargaBot/ROS2_Software/ros2_ws/install/lab1_msgs/lib/python3.12/site-packages/lab1_msgs/lab1_msgs_s__rosidl_typesupport_c.so" to ""
[4.605s] -- Installing: /home/felipe/Desktop/Robotica_Proy/CargaBot/ROS2_Software/ros2_ws/install/lab1_msgs/lib/liblab1_msgs__rosidl_generator_py.so
[4.605s] -- Set non-toolchain portion of runtime path of "/home/felipe/Desktop/Robotica_Proy/CargaBot/ROS2_Software/ros2_ws/install/lab1_msgs/lib/liblab1_msgs__rosidl_generator_py.so" to ""
[4.605s] -- Installing: /home/felipe/Desktop/Robotica_Proy/CargaBot/ROS2_Software/ros2_ws/install/lab1_msgs/share/lab1_msgs/msg/RobotAction.idl
[4.606s] -- Installing: /home/felipe/Desktop/Robotica_Proy/CargaBot/ROS2_Software/ros2_ws/install/lab1_msgs/share/lab1_msgs/srv/PlayRecording.idl
[4.606s] -- Installing: /home/felipe/Desktop/Robotica_Proy/CargaBot/ROS2_Software/ros2_ws/install/lab1_msgs/share/lab1_msgs/msg/RobotAction.msg
[4.606s] -- Installing: /home/felipe/Desktop/Robotica_Proy/CargaBot/ROS2_Software/ros2_ws/install/lab1_msgs/share/lab1_msgs/srv/PlayRecording.srv
[4.606s] -- Installing: /home/felipe/Desktop/Robotica_Proy/CargaBot/ROS2_Software/ros2_ws/install/lab1_msgs/share/ament_index/resource_index/package_run_dependencies/lab1_msgs
[4.606s] -- Installing: /home/felipe/Desktop/Robotica_Proy/CargaBot/ROS2_Software/ros2_ws/install/lab1_msgs/share/ament_index/resource_index/parent_prefix_path/lab1_msgs
[4.606s] -- Installing: /home/felipe/Desktop/Robotica_Proy/CargaBot/ROS2_Software/ros2_ws/install/lab1_msgs/share/lab1_msgs/environment/ament_prefix_path.sh
[4.606s] -- Installing: /home/felipe/Desktop/Robotica_Proy/CargaBot/ROS2_Software/ros2_ws/install/lab1_msgs/share/lab1_msgs/environment/ament_prefix_path.dsv
[4.606s] -- Installing: /home/felipe/Desktop/Robotica_Proy/CargaBot/ROS2_Software/ros2_ws/install/lab1_msgs/share/lab1_msgs/environment/path.sh
[4.606s] -- Installing: /home/felipe/Desktop/Robotica_Proy/CargaBot/ROS2_Software/ros2_ws/install/lab1_msgs/share/lab1_msgs/environment/path.dsv
[4.606s] -- Installing: /home/felipe/Desktop/Robotica_Proy/CargaBot/ROS2_Software/ros2_ws/install/lab1_msgs/share/lab1_msgs/local_setup.bash
[4.607s] -- Installing: /home/felipe/Desktop/Robotica_Proy/CargaBot/ROS2_Software/ros2_ws/install/lab1_msgs/share/lab1_msgs/local_setup.sh
[4.607s] -- Installing: /home/felipe/Desktop/Robotica_Proy/CargaBot/ROS2_Software/ros2_ws/install/lab1_msgs/share/lab1_msgs/local_setup.zsh
[4.607s] -- Installing: /home/felipe/Desktop/Robotica_Proy/CargaBot/ROS2_Software/ros2_ws/install/lab1_msgs/share/lab1_msgs/local_setup.dsv
[4.607s] -- Installing: /home/felipe/Desktop/Robotica_Proy/CargaBot/ROS2_Software/ros2_ws/install/lab1_msgs/share/lab1_msgs/package.dsv
[4.607s] -- Installing: /home/felipe/Desktop/Robotica_Proy/CargaBot/ROS2_Software/ros2_ws/install/lab1_msgs/share/ament_index/resource_index/packages/lab1_msgs
[4.607s] -- Installing: /home/felipe/Desktop/Robotica_Proy/CargaBot/ROS2_Software/ros2_ws/install/lab1_msgs/share/lab1_msgs/cmake/export_lab1_msgs__rosidl_generator_cExport.cmake
[4.607s] -- Installing: /home/felipe/Desktop/Robotica_Proy/CargaBot/ROS2_Software/ros2_ws/install/lab1_msgs/share/lab1_msgs/cmake/export_lab1_msgs__rosidl_generator_cExport-noconfig.cmake
[4.607s] -- Installing: /home/felipe/Desktop/Robotica_Proy/CargaBot/ROS2_Software/ros2_ws/install/lab1_msgs/share/lab1_msgs/cmake/export_lab1_msgs__rosidl_typesupport_fastrtps_cExport.cmake
[4.607s] -- Installing: /home/felipe/Desktop/Robotica_Proy/CargaBot/ROS2_Software/ros2_ws/install/lab1_msgs/share/lab1_msgs/cmake/export_lab1_msgs__rosidl_typesupport_fastrtps_cExport-noconfig.cmake
[4.608s] -- Installing: /home/felipe/Desktop/Robotica_Proy/CargaBot/ROS2_Software/ros2_ws/install/lab1_msgs/share/lab1_msgs/cmake/lab1_msgs__rosidl_typesupport_introspection_cExport.cmake
[4.608s] -- Installing: /home/felipe/Desktop/Robotica_Proy/CargaBot/ROS2_Software/ros2_ws/install/lab1_msgs/share/lab1_msgs/cmake/lab1_msgs__rosidl_typesupport_introspection_cExport-noconfig.cmake
[4.608s] -- Installing: /home/felipe/Desktop/Robotica_Proy/CargaBot/ROS2_Software/ros2_ws/install/lab1_msgs/share/lab1_msgs/cmake/lab1_msgs__rosidl_typesupport_cExport.cmake
[4.608s] -- Installing: /home/felipe/Desktop/Robotica_Proy/CargaBot/ROS2_Software/ros2_ws/install/lab1_msgs/share/lab1_msgs/cmake/lab1_msgs__rosidl_typesupport_cExport-noconfig.cmake
[4.608s] -- Installing: /home/felipe/Desktop/Robotica_Proy/CargaBot/ROS2_Software/ros2_ws/install/lab1_msgs/share/lab1_msgs/cmake/export_lab1_msgs__rosidl_generator_cppExport.cmake
[4.608s] -- Installing: /home/felipe/Desktop/Robotica_Proy/CargaBot/ROS2_Software/ros2_ws/install/lab1_msgs/share/lab1_msgs/cmake/export_lab1_msgs__rosidl_typesupport_fastrtps_cppExport.cmake
[4.608s] -- Installing: /home/felipe/Desktop/Robotica_Proy/CargaBot/ROS2_Software/ros2_ws/install/lab1_msgs/share/lab1_msgs/cmake/export_lab1_msgs__rosidl_typesupport_fastrtps_cppExport-noconfig.cmake
[4.608s] -- Installing: /home/felipe/Desktop/Robotica_Proy/CargaBot/ROS2_Software/ros2_ws/install/lab1_msgs/share/lab1_msgs/cmake/lab1_msgs__rosidl_typesupport_introspection_cppExport.cmake
[4.608s] -- Installing: /home/felipe/Desktop/Robotica_Proy/CargaBot/ROS2_Software/ros2_ws/install/lab1_msgs/share/lab1_msgs/cmake/lab1_msgs__rosidl_typesupport_introspection_cppExport-noconfig.cmake
[4.609s] -- Installing: /home/felipe/Desktop/Robotica_Proy/CargaBot/ROS2_Software/ros2_ws/install/lab1_msgs/share/lab1_msgs/cmake/lab1_msgs__rosidl_typesupport_cppExport.cmake
[4.609s] -- Installing: /home/felipe/Desktop/Robotica_Proy/CargaBot/ROS2_Software/ros2_ws/install/lab1_msgs/share/lab1_msgs/cmake/lab1_msgs__rosidl_typesupport_cppExport-noconfig.cmake
[4.609s] -- Installing: /home/felipe/Desktop/Robotica_Proy/CargaBot/ROS2_Software/ros2_ws/install/lab1_msgs/share/lab1_msgs/cmake/export_lab1_msgs__rosidl_generator_pyExport.cmake
[4.609s] -- Installing: /home/felipe/Desktop/Robotica_Proy/CargaBot/ROS2_Software/ros2_ws/install/lab1_msgs/share/lab1_msgs/cmake/export_lab1_msgs__rosidl_generator_pyExport-noconfig.cmake
[4.609s] -- Installing: /home/felipe/Desktop/Robotica_Proy/CargaBot/ROS2_Software/ros2_ws/install/lab1_msgs/share/lab1_msgs/cmake/rosidl_cmake-extras.cmake
[4.609s] -- Installing: /home/felipe/Desktop/Robotica_Proy/CargaBot/ROS2_Software/ros2_ws/install/lab1_msgs/share/lab1_msgs/cmake/ament_cmake_export_dependencies-extras.cmake
[4.609s] -- Installing: /home/felipe/Desktop/Robotica_Proy/CargaBot/ROS2_Software/ros2_ws/install/lab1_msgs/share/lab1_msgs/cmake/ament_cmake_export_include_directories-extras.cmake
[4.609s] -- Installing: /home/felipe/Desktop/Robotica_Proy/CargaBot/ROS2_Software/ros2_ws/install/lab1_msgs/share/lab1_msgs/cmake/ament_cmake_export_libraries-extras.cmake
[4.609s] -- Installing: /home/felipe/Desktop/Robotica_Proy/CargaBot/ROS2_Software/ros2_ws/install/lab1_msgs/share/lab1_msgs/cmake/ament_cmake_export_targets-extras.cmake
[4.610s] -- Installing: /home/felipe/Desktop/Robotica_Proy/CargaBot/ROS2_Software/ros2_ws/install/lab1_msgs/share/lab1_msgs/cmake/rosidl_cmake_export_typesupport_targets-extras.cmake
[4.610s] -- Installing: /home/felipe/Desktop/Robotica_Proy/CargaBot/ROS2_Software/ros2_ws/install/lab1_msgs/share/lab1_msgs/cmake/rosidl_cmake_export_typesupport_libraries-extras.cmake
[4.610s] -- Installing: /home/felipe/Desktop/Robotica_Proy/CargaBot/ROS2_Software/ros2_ws/install/lab1_msgs/share/lab1_msgs/cmake/lab1_msgsConfig.cmake
[4.610s] -- Installing: /home/felipe/Desktop/Robotica_Proy/CargaBot/ROS2_Software/ros2_ws/install/lab1_msgs/share/lab1_msgs/cmake/lab1_msgsConfig-version.cmake
[4.610s] -- Installing: /home/felipe/Desktop/Robotica_Proy/CargaBot/ROS2_Software/ros2_ws/install/lab1_msgs/share/lab1_msgs/package.xml
[4.612s] Invoked command in '/home/felipe/Desktop/Robotica_Proy/CargaBot/ROS2_Software/ros2_ws/build/lab1_msgs' returned '0': CMAKE_PREFIX_PATH=${CMAKE_PREFIX_PATH}:/opt/ros/jazzy DEBUGINFOD_URLS=https://debuginfod.ubuntu.com /usr/bin/cmake --install /home/felipe/Desktop/Robotica_Proy/CargaBot/ROS2_Software/ros2_ws/build/lab1_msgs
