[0.022s] Invoking command in '/home/jffg/Desktop/CargaBot/ROS2_Software/ros2_ws/build/lab1_msgs': CMAKE_PREFIX_PATH=${CMAKE_PREFIX_PATH}:/home/jffg/Desktop/CargaBot/ROS2_Software/ros2_ws/install/lab1_py_pkg:/opt/ros/jazzy DEBUGINFOD_URLS=https://debuginfod.ubuntu.com /usr/bin/cmake --build /home/jffg/Desktop/CargaBot/ROS2_Software/ros2_ws/build/lab1_msgs -- -j4 -l4
[0.268s] [  2%] Built target lab1_msgs__rosidl_generator_type_description
[0.269s] [  4%] Built target lab1_msgs__rs
[0.308s] [  4%] Built target ament_cmake_python_copy_lab1_msgs
[0.318s] [  6%] Built target lab1_msgs__cpp
[0.333s] [ 24%] Built target lab1_msgs__rosidl_generator_c
[0.394s] [ 33%] Built target lab1_msgs__rosidl_typesupport_introspection_cpp
[0.395s] [ 42%] Built target lab1_msgs__rosidl_typesupport_fastrtps_cpp
[0.405s] [ 51%] Built target lab1_msgs__rosidl_typesupport_cpp
[0.450s] [ 60%] Built target lab1_msgs__rosidl_typesupport_introspection_c
[0.475s] [ 68%] Built target lab1_msgs__rosidl_typesupport_c
[0.485s] [ 77%] Built target lab1_msgs__rosidl_typesupport_fastrtps_c
[0.531s] [ 77%] Built target lab1_msgs
[0.572s] [ 80%] Built target lab1_msgs__py
[0.618s] [ 86%] Built target lab1_msgs__rosidl_generator_py
[0.671s] [ 91%] Built target lab1_msgs_s__rosidl_typesupport_introspection_c
[0.677s] [ 95%] Built target lab1_msgs_s__rosidl_typesupport_c
[0.678s] [100%] Built target lab1_msgs_s__rosidl_typesupport_fastrtps_c
[0.720s] running egg_info
[0.768s] writing lab1_msgs.egg-info/PKG-INFO
[0.769s] writing dependency_links to lab1_msgs.egg-info/dependency_links.txt
[0.769s] writing top-level names to lab1_msgs.egg-info/top_level.txt
[0.906s] reading manifest file 'lab1_msgs.egg-info/SOURCES.txt'
[0.909s] writing manifest file 'lab1_msgs.egg-info/SOURCES.txt'
[0.982s] [100%] Built target ament_cmake_python_build_lab1_msgs_egg
[1.006s] Invoked command in '/home/jffg/Desktop/CargaBot/ROS2_Software/ros2_ws/build/lab1_msgs' returned '0': CMAKE_PREFIX_PATH=${CMAKE_PREFIX_PATH}:/home/jffg/Desktop/CargaBot/ROS2_Software/ros2_ws/install/lab1_py_pkg:/opt/ros/jazzy DEBUGINFOD_URLS=https://debuginfod.ubuntu.com /usr/bin/cmake --build /home/jffg/Desktop/CargaBot/ROS2_Software/ros2_ws/build/lab1_msgs -- -j4 -l4
[1.029s] Invoking command in '/home/jffg/Desktop/CargaBot/ROS2_Software/ros2_ws/build/lab1_msgs': CMAKE_PREFIX_PATH=${CMAKE_PREFIX_PATH}:/home/jffg/Desktop/CargaBot/ROS2_Software/ros2_ws/install/lab1_py_pkg:/opt/ros/jazzy DEBUGINFOD_URLS=https://debuginfod.ubuntu.com /usr/bin/cmake --install /home/jffg/Desktop/CargaBot/ROS2_Software/ros2_ws/build/lab1_msgs
[1.047s] -- Install configuration: ""
[1.047s] -- Up-to-date: /home/jffg/Desktop/CargaBot/ROS2_Software/ros2_ws/install/lab1_msgs/share/ament_index/resource_index/rosidl_interfaces/lab1_msgs
[1.047s] -- Up-to-date: /home/jffg/Desktop/CargaBot/ROS2_Software/ros2_ws/install/lab1_msgs/share/lab1_msgs/msg/RobotAction.json
[1.048s] -- Up-to-date: /home/jffg/Desktop/CargaBot/ROS2_Software/ros2_ws/install/lab1_msgs/share/lab1_msgs/srv/PlayRecording.json
[1.048s] -- Up-to-date: /home/jffg/Desktop/CargaBot/ROS2_Software/ros2_ws/install/lab1_msgs/include/lab1_msgs/lab1_msgs
[1.048s] -- Up-to-date: /home/jffg/Desktop/CargaBot/ROS2_Software/ros2_ws/install/lab1_msgs/include/lab1_msgs/lab1_msgs/msg
[1.048s] -- Up-to-date: /home/jffg/Desktop/CargaBot/ROS2_Software/ros2_ws/install/lab1_msgs/include/lab1_msgs/lab1_msgs/msg/robot_action.h
[1.049s] -- Up-to-date: /home/jffg/Desktop/CargaBot/ROS2_Software/ros2_ws/install/lab1_msgs/include/lab1_msgs/lab1_msgs/msg/rosidl_generator_c__visibility_control.h
[1.049s] -- Up-to-date: /home/jffg/Desktop/CargaBot/ROS2_Software/ros2_ws/install/lab1_msgs/include/lab1_msgs/lab1_msgs/msg/detail
[1.049s] -- Up-to-date: /home/jffg/Desktop/CargaBot/ROS2_Software/ros2_ws/install/lab1_msgs/include/lab1_msgs/lab1_msgs/msg/detail/robot_action__description.c
[1.049s] -- Up-to-date: /home/jffg/Desktop/CargaBot/ROS2_Software/ros2_ws/install/lab1_msgs/include/lab1_msgs/lab1_msgs/msg/detail/robot_action__struct.h
[1.049s] -- Up-to-date: /home/jffg/Desktop/CargaBot/ROS2_Software/ros2_ws/install/lab1_msgs/include/lab1_msgs/lab1_msgs/msg/detail/robot_action__functions.h
[1.049s] -- Up-to-date: /home/jffg/Desktop/CargaBot/ROS2_Software/ros2_ws/install/lab1_msgs/include/lab1_msgs/lab1_msgs/msg/detail/robot_action__type_support.h
[1.049s] -- Up-to-date: /home/jffg/Desktop/CargaBot/ROS2_Software/ros2_ws/install/lab1_msgs/include/lab1_msgs/lab1_msgs/msg/detail/robot_action__functions.c
[1.049s] -- Installing: /home/jffg/Desktop/CargaBot/ROS2_Software/ros2_ws/install/lab1_msgs/include/lab1_msgs/lab1_msgs/msg/detail/robot_action__type_support.c
[1.050s] -- Up-to-date: /home/jffg/Desktop/CargaBot/ROS2_Software/ros2_ws/install/lab1_msgs/include/lab1_msgs/lab1_msgs/srv
[1.050s] -- Up-to-date: /home/jffg/Desktop/CargaBot/ROS2_Software/ros2_ws/install/lab1_msgs/include/lab1_msgs/lab1_msgs/srv/play_recording.h
[1.050s] -- Up-to-date: /home/jffg/Desktop/CargaBot/ROS2_Software/ros2_ws/install/lab1_msgs/include/lab1_msgs/lab1_msgs/srv/detail
[1.050s] -- Up-to-date: /home/jffg/Desktop/CargaBot/ROS2_Software/ros2_ws/install/lab1_msgs/include/lab1_msgs/lab1_msgs/srv/detail/play_recording__type_support.h
[1.051s] -- Installing: /home/jffg/Desktop/CargaBot/ROS2_Software/ros2_ws/install/lab1_msgs/include/lab1_msgs/lab1_msgs/srv/detail/play_recording__type_support.c
[1.051s] -- Up-to-date: /home/jffg/Desktop/CargaBot/ROS2_Software/ros2_ws/install/lab1_msgs/include/lab1_msgs/lab1_msgs/srv/detail/play_recording__functions.h
[1.051s] -- Up-to-date: /home/jffg/Desktop/CargaBot/ROS2_Software/ros2_ws/install/lab1_msgs/include/lab1_msgs/lab1_msgs/srv/detail/play_recording__description.c
[1.052s] -- Up-to-date: /home/jffg/Desktop/CargaBot/ROS2_Software/ros2_ws/install/lab1_msgs/include/lab1_msgs/lab1_msgs/srv/detail/play_recording__functions.c
[1.052s] -- Up-to-date: /home/jffg/Desktop/CargaBot/ROS2_Software/ros2_ws/install/lab1_msgs/include/lab1_msgs/lab1_msgs/srv/detail/play_recording__struct.h
[1.052s] -- Up-to-date: /home/jffg/Desktop/CargaBot/ROS2_Software/ros2_ws/install/lab1_msgs/share/lab1_msgs/environment/library_path.sh
[1.052s] -- Up-to-date: /home/jffg/Desktop/CargaBot/ROS2_Software/ros2_ws/install/lab1_msgs/share/lab1_msgs/environment/library_path.dsv
[1.054s] -- Up-to-date: /home/jffg/Desktop/CargaBot/ROS2_Software/ros2_ws/install/lab1_msgs/lib/liblab1_msgs__rosidl_generator_c.so
[1.054s] -- Up-to-date: /home/jffg/Desktop/CargaBot/ROS2_Software/ros2_ws/install/lab1_msgs/include/lab1_msgs/lab1_msgs
[1.055s] -- Up-to-date: /home/jffg/Desktop/CargaBot/ROS2_Software/ros2_ws/install/lab1_msgs/include/lab1_msgs/lab1_msgs/msg
[1.055s] -- Up-to-date: /home/jffg/Desktop/CargaBot/ROS2_Software/ros2_ws/install/lab1_msgs/include/lab1_msgs/lab1_msgs/msg/rosidl_typesupport_fastrtps_c__visibility_control.h
[1.055s] -- Up-to-date: /home/jffg/Desktop/CargaBot/ROS2_Software/ros2_ws/install/lab1_msgs/include/lab1_msgs/lab1_msgs/msg/detail
[1.055s] -- Up-to-date: /home/jffg/Desktop/CargaBot/ROS2_Software/ros2_ws/install/lab1_msgs/include/lab1_msgs/lab1_msgs/msg/detail/robot_action__rosidl_typesupport_fastrtps_c.h
[1.056s] -- Up-to-date: /home/jffg/Desktop/CargaBot/ROS2_Software/ros2_ws/install/lab1_msgs/include/lab1_msgs/lab1_msgs/srv
[1.056s] -- Up-to-date: /home/jffg/Desktop/CargaBot/ROS2_Software/ros2_ws/install/lab1_msgs/include/lab1_msgs/lab1_msgs/srv/detail
[1.056s] -- Up-to-date: /home/jffg/Desktop/CargaBot/ROS2_Software/ros2_ws/install/lab1_msgs/include/lab1_msgs/lab1_msgs/srv/detail/play_recording__rosidl_typesupport_fastrtps_c.h
[1.058s] -- Up-to-date: /home/jffg/Desktop/CargaBot/ROS2_Software/ros2_ws/install/lab1_msgs/lib/liblab1_msgs__rosidl_typesupport_fastrtps_c.so
[1.058s] -- Up-to-date: /home/jffg/Desktop/CargaBot/ROS2_Software/ros2_ws/install/lab1_msgs/include/lab1_msgs/lab1_msgs
[1.059s] -- Up-to-date: /home/jffg/Desktop/CargaBot/ROS2_Software/ros2_ws/install/lab1_msgs/include/lab1_msgs/lab1_msgs/msg
[1.059s] -- Up-to-date: /home/jffg/Desktop/CargaBot/ROS2_Software/ros2_ws/install/lab1_msgs/include/lab1_msgs/lab1_msgs/msg/rosidl_typesupport_introspection_c__visibility_control.h
[1.059s] -- Up-to-date: /home/jffg/Desktop/CargaBot/ROS2_Software/ros2_ws/install/lab1_msgs/include/lab1_msgs/lab1_msgs/msg/detail
[1.060s] -- Up-to-date: /home/jffg/Desktop/CargaBot/ROS2_Software/ros2_ws/install/lab1_msgs/include/lab1_msgs/lab1_msgs/msg/detail/robot_action__rosidl_typesupport_introspection_c.h
[1.060s] -- Installing: /home/jffg/Desktop/CargaBot/ROS2_Software/ros2_ws/install/lab1_msgs/include/lab1_msgs/lab1_msgs/msg/detail/robot_action__type_support.c
[1.061s] -- Up-to-date: /home/jffg/Desktop/CargaBot/ROS2_Software/ros2_ws/install/lab1_msgs/include/lab1_msgs/lab1_msgs/srv
[1.061s] -- Up-to-date: /home/jffg/Desktop/CargaBot/ROS2_Software/ros2_ws/install/lab1_msgs/include/lab1_msgs/lab1_msgs/srv/detail
[1.061s] -- Up-to-date: /home/jffg/Desktop/CargaBot/ROS2_Software/ros2_ws/install/lab1_msgs/include/lab1_msgs/lab1_msgs/srv/detail/play_recording__rosidl_typesupport_introspection_c.h
[1.061s] -- Installing: /home/jffg/Desktop/CargaBot/ROS2_Software/ros2_ws/install/lab1_msgs/include/lab1_msgs/lab1_msgs/srv/detail/play_recording__type_support.c
[1.063s] -- Up-to-date: /home/jffg/Desktop/CargaBot/ROS2_Software/ros2_ws/install/lab1_msgs/lib/liblab1_msgs__rosidl_typesupport_introspection_c.so
[1.064s] -- Up-to-date: /home/jffg/Desktop/CargaBot/ROS2_Software/ros2_ws/install/lab1_msgs/lib/liblab1_msgs__rosidl_typesupport_c.so
[1.065s] -- Up-to-date: /home/jffg/Desktop/CargaBot/ROS2_Software/ros2_ws/install/lab1_msgs/include/lab1_msgs/lab1_msgs
[1.065s] -- Up-to-date: /home/jffg/Desktop/CargaBot/ROS2_Software/ros2_ws/install/lab1_msgs/include/lab1_msgs/lab1_msgs/msg
[1.066s] -- Up-to-date: /home/jffg/Desktop/CargaBot/ROS2_Software/ros2_ws/install/lab1_msgs/include/lab1_msgs/lab1_msgs/msg/rosidl_generator_cpp__visibility_control.hpp
[1.066s] -- Up-to-date: /home/jffg/Desktop/CargaBot/ROS2_Software/ros2_ws/install/lab1_msgs/include/lab1_msgs/lab1_msgs/msg/robot_action.hpp
[1.066s] -- Up-to-date: /home/jffg/Desktop/CargaBot/ROS2_Software/ros2_ws/install/lab1_msgs/include/lab1_msgs/lab1_msgs/msg/detail
[1.067s] -- Up-to-date: /home/jffg/Desktop/CargaBot/ROS2_Software/ros2_ws/install/lab1_msgs/include/lab1_msgs/lab1_msgs/msg/detail/robot_action__builder.hpp
[1.067s] -- Up-to-date: /home/jffg/Desktop/CargaBot/ROS2_Software/ros2_ws/install/lab1_msgs/include/lab1_msgs/lab1_msgs/msg/detail/robot_action__traits.hpp
[1.068s] -- Up-to-date: /home/jffg/Desktop/CargaBot/ROS2_Software/ros2_ws/install/lab1_msgs/include/lab1_msgs/lab1_msgs/msg/detail/robot_action__type_support.hpp
[1.068s] -- Up-to-date: /home/jffg/Desktop/CargaBot/ROS2_Software/ros2_ws/install/lab1_msgs/include/lab1_msgs/lab1_msgs/msg/detail/robot_action__struct.hpp
[1.068s] -- Up-to-date: /home/jffg/Desktop/CargaBot/ROS2_Software/ros2_ws/install/lab1_msgs/include/lab1_msgs/lab1_msgs/srv
[1.068s] -- Up-to-date: /home/jffg/Desktop/CargaBot/ROS2_Software/ros2_ws/install/lab1_msgs/include/lab1_msgs/lab1_msgs/srv/detail
[1.069s] -- Up-to-date: /home/jffg/Desktop/CargaBot/ROS2_Software/ros2_ws/install/lab1_msgs/include/lab1_msgs/lab1_msgs/srv/detail/play_recording__builder.hpp
[1.069s] -- Up-to-date: /home/jffg/Desktop/CargaBot/ROS2_Software/ros2_ws/install/lab1_msgs/include/lab1_msgs/lab1_msgs/srv/detail/play_recording__type_support.hpp
[1.069s] -- Up-to-date: /home/jffg/Desktop/CargaBot/ROS2_Software/ros2_ws/install/lab1_msgs/include/lab1_msgs/lab1_msgs/srv/detail/play_recording__traits.hpp
[1.069s] -- Up-to-date: /home/jffg/Desktop/CargaBot/ROS2_Software/ros2_ws/install/lab1_msgs/include/lab1_msgs/lab1_msgs/srv/detail/play_recording__struct.hpp
[1.069s] -- Up-to-date: /home/jffg/Desktop/CargaBot/ROS2_Software/ros2_ws/install/lab1_msgs/include/lab1_msgs/lab1_msgs/srv/play_recording.hpp
[1.070s] -- Up-to-date: /home/jffg/Desktop/CargaBot/ROS2_Software/ros2_ws/install/lab1_msgs/include/lab1_msgs/lab1_msgs
[1.070s] -- Up-to-date: /home/jffg/Desktop/CargaBot/ROS2_Software/ros2_ws/install/lab1_msgs/include/lab1_msgs/lab1_msgs/msg
[1.071s] -- Up-to-date: /home/jffg/Desktop/CargaBot/ROS2_Software/ros2_ws/install/lab1_msgs/include/lab1_msgs/lab1_msgs/msg/rosidl_typesupport_fastrtps_cpp__visibility_control.h
[1.071s] -- Up-to-date: /home/jffg/Desktop/CargaBot/ROS2_Software/ros2_ws/install/lab1_msgs/include/lab1_msgs/lab1_msgs/msg/detail
[1.072s] -- Up-to-date: /home/jffg/Desktop/CargaBot/ROS2_Software/ros2_ws/install/lab1_msgs/include/lab1_msgs/lab1_msgs/msg/detail/dds_fastrtps
[1.073s] -- Up-to-date: /home/jffg/Desktop/CargaBot/ROS2_Software/ros2_ws/install/lab1_msgs/include/lab1_msgs/lab1_msgs/msg/detail/robot_action__rosidl_typesupport_fastrtps_cpp.hpp
[1.073s] -- Up-to-date: /home/jffg/Desktop/CargaBot/ROS2_Software/ros2_ws/install/lab1_msgs/include/lab1_msgs/lab1_msgs/srv
[1.073s] -- Up-to-date: /home/jffg/Desktop/CargaBot/ROS2_Software/ros2_ws/install/lab1_msgs/include/lab1_msgs/lab1_msgs/srv/detail
[1.073s] -- Up-to-date: /home/jffg/Desktop/CargaBot/ROS2_Software/ros2_ws/install/lab1_msgs/include/lab1_msgs/lab1_msgs/srv/detail/play_recording__rosidl_typesupport_fastrtps_cpp.hpp
[1.073s] -- Up-to-date: /home/jffg/Desktop/CargaBot/ROS2_Software/ros2_ws/install/lab1_msgs/include/lab1_msgs/lab1_msgs/srv/detail/dds_fastrtps
[1.075s] -- Up-to-date: /home/jffg/Desktop/CargaBot/ROS2_Software/ros2_ws/install/lab1_msgs/lib/liblab1_msgs__rosidl_typesupport_fastrtps_cpp.so
[1.076s] -- Up-to-date: /home/jffg/Desktop/CargaBot/ROS2_Software/ros2_ws/install/lab1_msgs/include/lab1_msgs/lab1_msgs
[1.077s] -- Up-to-date: /home/jffg/Desktop/CargaBot/ROS2_Software/ros2_ws/install/lab1_msgs/include/lab1_msgs/lab1_msgs/msg
[1.078s] -- Up-to-date: /home/jffg/Desktop/CargaBot/ROS2_Software/ros2_ws/install/lab1_msgs/include/lab1_msgs/lab1_msgs/msg/detail
[1.079s] -- Up-to-date: /home/jffg/Desktop/CargaBot/ROS2_Software/ros2_ws/install/lab1_msgs/include/lab1_msgs/lab1_msgs/msg/detail/robot_action__type_support.cpp
[1.080s] -- Up-to-date: /home/jffg/Desktop/CargaBot/ROS2_Software/ros2_ws/install/lab1_msgs/include/lab1_msgs/lab1_msgs/msg/detail/robot_action__rosidl_typesupport_introspection_cpp.hpp
[1.080s] -- Up-to-date: /home/jffg/Desktop/CargaBot/ROS2_Software/ros2_ws/install/lab1_msgs/include/lab1_msgs/lab1_msgs/srv
[1.080s] -- Up-to-date: /home/jffg/Desktop/CargaBot/ROS2_Software/ros2_ws/install/lab1_msgs/include/lab1_msgs/lab1_msgs/srv/detail
[1.080s] -- Up-to-date: /home/jffg/Desktop/CargaBot/ROS2_Software/ros2_ws/install/lab1_msgs/include/lab1_msgs/lab1_msgs/srv/detail/play_recording__type_support.cpp
[1.081s] -- Up-to-date: /home/jffg/Desktop/CargaBot/ROS2_Software/ros2_ws/install/lab1_msgs/include/lab1_msgs/lab1_msgs/srv/detail/play_recording__rosidl_typesupport_introspection_cpp.hpp
[1.081s] -- Up-to-date: /home/jffg/Desktop/CargaBot/ROS2_Software/ros2_ws/install/lab1_msgs/lib/liblab1_msgs__rosidl_typesupport_introspection_cpp.so
[1.083s] -- Up-to-date: /home/jffg/Desktop/CargaBot/ROS2_Software/ros2_ws/install/lab1_msgs/lib/liblab1_msgs__rosidl_typesupport_cpp.so
[1.083s] -- Up-to-date: /home/jffg/Desktop/CargaBot/ROS2_Software/ros2_ws/install/lab1_msgs/share/lab1_msgs/environment/pythonpath.sh
[1.083s] -- Up-to-date: /home/jffg/Desktop/CargaBot/ROS2_Software/ros2_ws/install/lab1_msgs/share/lab1_msgs/environment/pythonpath.dsv
[1.083s] -- Up-to-date: /home/jffg/Desktop/CargaBot/ROS2_Software/ros2_ws/install/lab1_msgs/lib/python3.12/site-packages/lab1_msgs-0.0.0-py3.12.egg-info
[1.083s] -- Installing: /home/jffg/Desktop/CargaBot/ROS2_Software/ros2_ws/install/lab1_msgs/lib/python3.12/site-packages/lab1_msgs-0.0.0-py3.12.egg-info/top_level.txt
[1.085s] -- Installing: /home/jffg/Desktop/CargaBot/ROS2_Software/ros2_ws/install/lab1_msgs/lib/python3.12/site-packages/lab1_msgs-0.0.0-py3.12.egg-info/PKG-INFO
[1.085s] -- Installing: /home/jffg/Desktop/CargaBot/ROS2_Software/ros2_ws/install/lab1_msgs/lib/python3.12/site-packages/lab1_msgs-0.0.0-py3.12.egg-info/SOURCES.txt
[1.085s] -- Installing: /home/jffg/Desktop/CargaBot/ROS2_Software/ros2_ws/install/lab1_msgs/lib/python3.12/site-packages/lab1_msgs-0.0.0-py3.12.egg-info/dependency_links.txt
[1.085s] -- Up-to-date: /home/jffg/Desktop/CargaBot/ROS2_Software/ros2_ws/install/lab1_msgs/lib/python3.12/site-packages/lab1_msgs
[1.085s] -- Up-to-date: /home/jffg/Desktop/CargaBot/ROS2_Software/ros2_ws/install/lab1_msgs/lib/python3.12/site-packages/lab1_msgs/msg
[1.086s] -- Up-to-date: /home/jffg/Desktop/CargaBot/ROS2_Software/ros2_ws/install/lab1_msgs/lib/python3.12/site-packages/lab1_msgs/msg/__init__.py
[1.086s] -- Up-to-date: /home/jffg/Desktop/CargaBot/ROS2_Software/ros2_ws/install/lab1_msgs/lib/python3.12/site-packages/lab1_msgs/msg/_robot_action_s.c
[1.086s] -- Up-to-date: /home/jffg/Desktop/CargaBot/ROS2_Software/ros2_ws/install/lab1_msgs/lib/python3.12/site-packages/lab1_msgs/msg/_robot_action.py
[1.086s] -- Up-to-date: /home/jffg/Desktop/CargaBot/ROS2_Software/ros2_ws/install/lab1_msgs/lib/python3.12/site-packages/lab1_msgs/__init__.py
[1.086s] -- Up-to-date: /home/jffg/Desktop/CargaBot/ROS2_Software/ros2_ws/install/lab1_msgs/lib/python3.12/site-packages/lab1_msgs/_lab1_msgs_s.ep.rosidl_typesupport_c.c
[1.086s] -- Up-to-date: /home/jffg/Desktop/CargaBot/ROS2_Software/ros2_ws/install/lab1_msgs/lib/python3.12/site-packages/lab1_msgs/_lab1_msgs_s.ep.rosidl_typesupport_fastrtps_c.c
[1.086s] -- Up-to-date: /home/jffg/Desktop/CargaBot/ROS2_Software/ros2_ws/install/lab1_msgs/lib/python3.12/site-packages/lab1_msgs/srv
[1.087s] -- Up-to-date: /home/jffg/Desktop/CargaBot/ROS2_Software/ros2_ws/install/lab1_msgs/lib/python3.12/site-packages/lab1_msgs/srv/_play_recording_s.c
[1.087s] -- Up-to-date: /home/jffg/Desktop/CargaBot/ROS2_Software/ros2_ws/install/lab1_msgs/lib/python3.12/site-packages/lab1_msgs/srv/_play_recording.py
[1.087s] -- Up-to-date: /home/jffg/Desktop/CargaBot/ROS2_Software/ros2_ws/install/lab1_msgs/lib/python3.12/site-packages/lab1_msgs/srv/__init__.py
[1.087s] -- Up-to-date: /home/jffg/Desktop/CargaBot/ROS2_Software/ros2_ws/install/lab1_msgs/lib/python3.12/site-packages/lab1_msgs/lab1_msgs_s__rosidl_typesupport_introspection_c.so
[1.087s] -- Up-to-date: /home/jffg/Desktop/CargaBot/ROS2_Software/ros2_ws/install/lab1_msgs/lib/python3.12/site-packages/lab1_msgs/_lab1_msgs_s.ep.rosidl_typesupport_introspection_c.c
[1.087s] -- Up-to-date: /home/jffg/Desktop/CargaBot/ROS2_Software/ros2_ws/install/lab1_msgs/lib/python3.12/site-packages/lab1_msgs/lab1_msgs_s__rosidl_typesupport_fastrtps_c.so
[1.087s] -- Up-to-date: /home/jffg/Desktop/CargaBot/ROS2_Software/ros2_ws/install/lab1_msgs/lib/python3.12/site-packages/lab1_msgs/lab1_msgs_s__rosidl_typesupport_c.so
[1.146s] Listing '/home/jffg/Desktop/CargaBot/ROS2_Software/ros2_ws/install/lab1_msgs/lib/python3.12/site-packages/lab1_msgs'...
[1.147s] Listing '/home/jffg/Desktop/CargaBot/ROS2_Software/ros2_ws/install/lab1_msgs/lib/python3.12/site-packages/lab1_msgs/msg'...
[1.147s] Listing '/home/jffg/Desktop/CargaBot/ROS2_Software/ros2_ws/install/lab1_msgs/lib/python3.12/site-packages/lab1_msgs/srv'...
[1.160s] -- Up-to-date: /home/jffg/Desktop/CargaBot/ROS2_Software/ros2_ws/install/lab1_msgs/lib/python3.12/site-packages/lab1_msgs/lab1_msgs_s__rosidl_typesupport_fastrtps_c.so
[1.162s] -- Up-to-date: /home/jffg/Desktop/CargaBot/ROS2_Software/ros2_ws/install/lab1_msgs/lib/python3.12/site-packages/lab1_msgs/lab1_msgs_s__rosidl_typesupport_introspection_c.so
[1.163s] -- Up-to-date: /home/jffg/Desktop/CargaBot/ROS2_Software/ros2_ws/install/lab1_msgs/lib/python3.12/site-packages/lab1_msgs/lab1_msgs_s__rosidl_typesupport_c.so
[1.164s] -- Up-to-date: /home/jffg/Desktop/CargaBot/ROS2_Software/ros2_ws/install/lab1_msgs/lib/liblab1_msgs__rosidl_generator_py.so
[1.165s] -- Up-to-date: /home/jffg/Desktop/CargaBot/ROS2_Software/ros2_ws/install/lab1_msgs/share/ament_index/resource_index/rust_packages/lab1_msgs
[1.165s] -- Up-to-date: /home/jffg/Desktop/CargaBot/ROS2_Software/ros2_ws/install/lab1_msgs/share/lab1_msgs/rust
[1.165s] -- Up-to-date: /home/jffg/Desktop/CargaBot/ROS2_Software/ros2_ws/install/lab1_msgs/share/lab1_msgs/rust/build.rs
[1.166s] -- Up-to-date: /home/jffg/Desktop/CargaBot/ROS2_Software/ros2_ws/install/lab1_msgs/share/lab1_msgs/rust/src
[1.166s] -- Up-to-date: /home/jffg/Desktop/CargaBot/ROS2_Software/ros2_ws/install/lab1_msgs/share/lab1_msgs/rust/src/msg
[1.166s] -- Up-to-date: /home/jffg/Desktop/CargaBot/ROS2_Software/ros2_ws/install/lab1_msgs/share/lab1_msgs/rust/src/msg/rmw.rs
[1.166s] -- Up-to-date: /home/jffg/Desktop/CargaBot/ROS2_Software/ros2_ws/install/lab1_msgs/share/lab1_msgs/rust/src/lib.rs
[1.166s] -- Up-to-date: /home/jffg/Desktop/CargaBot/ROS2_Software/ros2_ws/install/lab1_msgs/share/lab1_msgs/rust/src/srv
[1.167s] -- Up-to-date: /home/jffg/Desktop/CargaBot/ROS2_Software/ros2_ws/install/lab1_msgs/share/lab1_msgs/rust/src/srv/rmw.rs
[1.167s] -- Up-to-date: /home/jffg/Desktop/CargaBot/ROS2_Software/ros2_ws/install/lab1_msgs/share/lab1_msgs/rust/src/srv.rs
[1.167s] -- Up-to-date: /home/jffg/Desktop/CargaBot/ROS2_Software/ros2_ws/install/lab1_msgs/share/lab1_msgs/rust/src/msg.rs
[1.168s] -- Up-to-date: /home/jffg/Desktop/CargaBot/ROS2_Software/ros2_ws/install/lab1_msgs/share/lab1_msgs/rust/Cargo.toml
[1.168s] -- Up-to-date: /home/jffg/Desktop/CargaBot/ROS2_Software/ros2_ws/install/lab1_msgs/share/lab1_msgs/msg/RobotAction.idl
[1.168s] -- Up-to-date: /home/jffg/Desktop/CargaBot/ROS2_Software/ros2_ws/install/lab1_msgs/share/lab1_msgs/srv/PlayRecording.idl
[1.168s] -- Up-to-date: /home/jffg/Desktop/CargaBot/ROS2_Software/ros2_ws/install/lab1_msgs/share/lab1_msgs/msg/RobotAction.msg
[1.168s] -- Up-to-date: /home/jffg/Desktop/CargaBot/ROS2_Software/ros2_ws/install/lab1_msgs/share/lab1_msgs/srv/PlayRecording.srv
[1.168s] -- Up-to-date: /home/jffg/Desktop/CargaBot/ROS2_Software/ros2_ws/install/lab1_msgs/share/ament_index/resource_index/package_run_dependencies/lab1_msgs
[1.168s] -- Up-to-date: /home/jffg/Desktop/CargaBot/ROS2_Software/ros2_ws/install/lab1_msgs/share/ament_index/resource_index/parent_prefix_path/lab1_msgs
[1.168s] -- Up-to-date: /home/jffg/Desktop/CargaBot/ROS2_Software/ros2_ws/install/lab1_msgs/share/lab1_msgs/environment/ament_prefix_path.sh
[1.168s] -- Up-to-date: /home/jffg/Desktop/CargaBot/ROS2_Software/ros2_ws/install/lab1_msgs/share/lab1_msgs/environment/ament_prefix_path.dsv
[1.169s] -- Up-to-date: /home/jffg/Desktop/CargaBot/ROS2_Software/ros2_ws/install/lab1_msgs/share/lab1_msgs/environment/path.sh
[1.169s] -- Up-to-date: /home/jffg/Desktop/CargaBot/ROS2_Software/ros2_ws/install/lab1_msgs/share/lab1_msgs/environment/path.dsv
[1.169s] -- Up-to-date: /home/jffg/Desktop/CargaBot/ROS2_Software/ros2_ws/install/lab1_msgs/share/lab1_msgs/local_setup.bash
[1.169s] -- Up-to-date: /home/jffg/Desktop/CargaBot/ROS2_Software/ros2_ws/install/lab1_msgs/share/lab1_msgs/local_setup.sh
[1.169s] -- Up-to-date: /home/jffg/Desktop/CargaBot/ROS2_Software/ros2_ws/install/lab1_msgs/share/lab1_msgs/local_setup.zsh
[1.169s] -- Up-to-date: /home/jffg/Desktop/CargaBot/ROS2_Software/ros2_ws/install/lab1_msgs/share/lab1_msgs/local_setup.dsv
[1.169s] -- Installing: /home/jffg/Desktop/CargaBot/ROS2_Software/ros2_ws/install/lab1_msgs/share/lab1_msgs/package.dsv
[1.171s] -- Up-to-date: /home/jffg/Desktop/CargaBot/ROS2_Software/ros2_ws/install/lab1_msgs/share/ament_index/resource_index/packages/lab1_msgs
[1.173s] -- Up-to-date: /home/jffg/Desktop/CargaBot/ROS2_Software/ros2_ws/install/lab1_msgs/share/lab1_msgs/cmake/export_lab1_msgs__rosidl_generator_cExport.cmake
[1.173s] -- Up-to-date: /home/jffg/Desktop/CargaBot/ROS2_Software/ros2_ws/install/lab1_msgs/share/lab1_msgs/cmake/export_lab1_msgs__rosidl_generator_cExport-noconfig.cmake
[1.174s] -- Up-to-date: /home/jffg/Desktop/CargaBot/ROS2_Software/ros2_ws/install/lab1_msgs/share/lab1_msgs/cmake/export_lab1_msgs__rosidl_typesupport_fastrtps_cExport.cmake
[1.174s] -- Up-to-date: /home/jffg/Desktop/CargaBot/ROS2_Software/ros2_ws/install/lab1_msgs/share/lab1_msgs/cmake/export_lab1_msgs__rosidl_typesupport_fastrtps_cExport-noconfig.cmake
[1.174s] -- Up-to-date: /home/jffg/Desktop/CargaBot/ROS2_Software/ros2_ws/install/lab1_msgs/share/lab1_msgs/cmake/lab1_msgs__rosidl_typesupport_introspection_cExport.cmake
[1.175s] -- Up-to-date: /home/jffg/Desktop/CargaBot/ROS2_Software/ros2_ws/install/lab1_msgs/share/lab1_msgs/cmake/lab1_msgs__rosidl_typesupport_introspection_cExport-noconfig.cmake
[1.175s] -- Up-to-date: /home/jffg/Desktop/CargaBot/ROS2_Software/ros2_ws/install/lab1_msgs/share/lab1_msgs/cmake/lab1_msgs__rosidl_typesupport_cExport.cmake
[1.176s] -- Up-to-date: /home/jffg/Desktop/CargaBot/ROS2_Software/ros2_ws/install/lab1_msgs/share/lab1_msgs/cmake/lab1_msgs__rosidl_typesupport_cExport-noconfig.cmake
[1.176s] -- Up-to-date: /home/jffg/Desktop/CargaBot/ROS2_Software/ros2_ws/install/lab1_msgs/share/lab1_msgs/cmake/export_lab1_msgs__rosidl_generator_cppExport.cmake
[1.177s] -- Up-to-date: /home/jffg/Desktop/CargaBot/ROS2_Software/ros2_ws/install/lab1_msgs/share/lab1_msgs/cmake/export_lab1_msgs__rosidl_typesupport_fastrtps_cppExport.cmake
[1.177s] -- Up-to-date: /home/jffg/Desktop/CargaBot/ROS2_Software/ros2_ws/install/lab1_msgs/share/lab1_msgs/cmake/export_lab1_msgs__rosidl_typesupport_fastrtps_cppExport-noconfig.cmake
[1.178s] -- Up-to-date: /home/jffg/Desktop/CargaBot/ROS2_Software/ros2_ws/install/lab1_msgs/share/lab1_msgs/cmake/lab1_msgs__rosidl_typesupport_introspection_cppExport.cmake
[1.178s] -- Up-to-date: /home/jffg/Desktop/CargaBot/ROS2_Software/ros2_ws/install/lab1_msgs/share/lab1_msgs/cmake/lab1_msgs__rosidl_typesupport_introspection_cppExport-noconfig.cmake
[1.179s] -- Up-to-date: /home/jffg/Desktop/CargaBot/ROS2_Software/ros2_ws/install/lab1_msgs/share/lab1_msgs/cmake/lab1_msgs__rosidl_typesupport_cppExport.cmake
[1.179s] -- Up-to-date: /home/jffg/Desktop/CargaBot/ROS2_Software/ros2_ws/install/lab1_msgs/share/lab1_msgs/cmake/lab1_msgs__rosidl_typesupport_cppExport-noconfig.cmake
[1.179s] -- Up-to-date: /home/jffg/Desktop/CargaBot/ROS2_Software/ros2_ws/install/lab1_msgs/share/lab1_msgs/cmake/export_lab1_msgs__rosidl_generator_pyExport.cmake
[1.179s] -- Up-to-date: /home/jffg/Desktop/CargaBot/ROS2_Software/ros2_ws/install/lab1_msgs/share/lab1_msgs/cmake/export_lab1_msgs__rosidl_generator_pyExport-noconfig.cmake
[1.180s] -- Up-to-date: /home/jffg/Desktop/CargaBot/ROS2_Software/ros2_ws/install/lab1_msgs/share/lab1_msgs/cmake/rosidl_cmake-extras.cmake
[1.180s] -- Up-to-date: /home/jffg/Desktop/CargaBot/ROS2_Software/ros2_ws/install/lab1_msgs/share/lab1_msgs/cmake/ament_cmake_export_dependencies-extras.cmake
[1.180s] -- Up-to-date: /home/jffg/Desktop/CargaBot/ROS2_Software/ros2_ws/install/lab1_msgs/share/lab1_msgs/cmake/ament_cmake_export_include_directories-extras.cmake
[1.180s] -- Up-to-date: /home/jffg/Desktop/CargaBot/ROS2_Software/ros2_ws/install/lab1_msgs/share/lab1_msgs/cmake/ament_cmake_export_libraries-extras.cmake
[1.180s] -- Up-to-date: /home/jffg/Desktop/CargaBot/ROS2_Software/ros2_ws/install/lab1_msgs/share/lab1_msgs/cmake/ament_cmake_export_targets-extras.cmake
[1.180s] -- Up-to-date: /home/jffg/Desktop/CargaBot/ROS2_Software/ros2_ws/install/lab1_msgs/share/lab1_msgs/cmake/rosidl_cmake_export_typesupport_targets-extras.cmake
[1.181s] -- Up-to-date: /home/jffg/Desktop/CargaBot/ROS2_Software/ros2_ws/install/lab1_msgs/share/lab1_msgs/cmake/rosidl_cmake_export_typesupport_libraries-extras.cmake
[1.181s] -- Up-to-date: /home/jffg/Desktop/CargaBot/ROS2_Software/ros2_ws/install/lab1_msgs/share/lab1_msgs/cmake/lab1_msgsConfig.cmake
[1.181s] -- Up-to-date: /home/jffg/Desktop/CargaBot/ROS2_Software/ros2_ws/install/lab1_msgs/share/lab1_msgs/cmake/lab1_msgsConfig-version.cmake
[1.181s] -- Up-to-date: /home/jffg/Desktop/CargaBot/ROS2_Software/ros2_ws/install/lab1_msgs/share/lab1_msgs/package.xml
[1.186s] Invoked command in '/home/jffg/Desktop/CargaBot/ROS2_Software/ros2_ws/build/lab1_msgs' returned '0': CMAKE_PREFIX_PATH=${CMAKE_PREFIX_PATH}:/home/jffg/Desktop/CargaBot/ROS2_Software/ros2_ws/install/lab1_py_pkg:/opt/ros/jazzy DEBUGINFOD_URLS=https://debuginfod.ubuntu.com /usr/bin/cmake --install /home/jffg/Desktop/CargaBot/ROS2_Software/ros2_ws/build/lab1_msgs
