-- Found ament_cmake: 2.5.6 (/opt/ros/jazzy/share/ament_cmake/cmake)
-- Found rosidl_default_generators: 1.6.0 (/opt/ros/jazzy/share/rosidl_default_generators/cmake)
-- Using all available rosidl_typesupport_c: rosidl_typesupport_fastrtps_c;rosidl_typesupport_introspection_c
-- Using all available rosidl_typesupport_cpp: rosidl_typesupport_fastrtps_cpp;rosidl_typesupport_introspection_cpp
-- Found rosidl_adapter: 4.6.7 (/opt/ros/jazzy/share/rosidl_adapter/cmake)
-- Found std_msgs: 5.3.7 (/opt/ros/jazzy/share/std_msgs/cmake)
-- Found ament_cmake_ros: 0.12.0 (/opt/ros/jazzy/share/ament_cmake_ros/cmake)
-- Using all available rosidl_typesupport_c: rosidl_typesupport_fastrtps_c;rosidl_typesupport_introspection_c
-- Using all available rosidl_typesupport_cpp: rosidl_typesupport_fastrtps_cpp;rosidl_typesupport_introspection_cpp
-- Found python_cmake_module: 0.11.1 (/opt/ros/jazzy/share/python_cmake_module/cmake)
-- Found PythonExtra: /usr/bin/python3  
-- Found Python3: /usr/bin/python3 (found version "3.12.3") found components: Interpreter Development NumPy Development.Module Development.Embed 
-- Found Python3: /usr/bin/python3 (found version "3.12.3") found components: Interpreter 
-- Configuring done (4.2s)
-- Generating done (0.1s)
-- Build files have been written to: /home/jffg/Desktop/CargaBot/ROS2_Software/ros2_ws/build/lab1_msgs
[  2%] [34m[1mGenerating Rust code for ROS interfaces[0m
[  4%] [34m[1mGenerating type hashes for ROS interfaces[0m
[  4%] Built target ament_cmake_python_copy_lab1_msgs
[  4%] Built target lab1_msgs__rosidl_generator_type_description
running egg_info
creating lab1_msgs.egg-info
[  6%] [34m[1mGenerating C code for ROS interfaces[0m
[  8%] [34m[1mGenerating C++ code for ROS interfaces[0m
writing lab1_msgs.egg-info/PKG-INFO
writing dependency_links to lab1_msgs.egg-info/dependency_links.txt
writing top-level names to lab1_msgs.egg-info/top_level.txt
writing manifest file 'lab1_msgs.egg-info/SOURCES.txt'
[  8%] Built target lab1_msgs__rs
reading manifest file 'lab1_msgs.egg-info/SOURCES.txt'
writing manifest file 'lab1_msgs.egg-info/SOURCES.txt'
[  8%] Built target ament_cmake_python_build_lab1_msgs_egg
[  8%] Built target lab1_msgs__cpp
[ 15%] [32mBuilding C object CMakeFiles/lab1_msgs__rosidl_generator_c.dir/rosidl_generator_c/lab1_msgs/srv/detail/play_recording__description.c.o[0m
[ 15%] [32mBuilding C object CMakeFiles/lab1_msgs__rosidl_generator_c.dir/rosidl_generator_c/lab1_msgs/msg/detail/robot_action__description.c.o[0m
[ 15%] [32mBuilding C object CMakeFiles/lab1_msgs__rosidl_generator_c.dir/rosidl_generator_c/lab1_msgs/msg/detail/robot_action__type_support.c.o[0m
[ 17%] [32mBuilding C object CMakeFiles/lab1_msgs__rosidl_generator_c.dir/rosidl_generator_c/lab1_msgs/msg/detail/robot_action__functions.c.o[0m
[ 20%] [32mBuilding C object CMakeFiles/lab1_msgs__rosidl_generator_c.dir/rosidl_generator_c/lab1_msgs/srv/detail/play_recording__functions.c.o[0m
[ 22%] [32mBuilding C object CMakeFiles/lab1_msgs__rosidl_generator_c.dir/rosidl_generator_c/lab1_msgs/srv/detail/play_recording__type_support.c.o[0m
[ 24%] [32m[1mLinking C shared library liblab1_msgs__rosidl_generator_c.so[0m
[ 24%] Built target lab1_msgs__rosidl_generator_c
[ 28%] [34m[1mGenerating C++ type support dispatch for ROS interfaces[0m
[ 28%] [34m[1mGenerating C type support for eProsima Fast-RTPS[0m
[ 31%] [34m[1mGenerating C++ introspection for ROS interfaces[0m
[ 33%] [34m[1mGenerating C++ type support for eProsima Fast-RTPS[0m
[ 35%] [32mBuilding CXX object CMakeFiles/lab1_msgs__rosidl_typesupport_cpp.dir/rosidl_typesupport_cpp/lab1_msgs/msg/robot_action__type_support.cpp.o[0m
[ 37%] [32mBuilding CXX object CMakeFiles/lab1_msgs__rosidl_typesupport_introspection_cpp.dir/rosidl_typesupport_introspection_cpp/lab1_msgs/msg/detail/robot_action__type_support.cpp.o[0m
[ 40%] [32mBuilding CXX object CMakeFiles/lab1_msgs__rosidl_typesupport_fastrtps_c.dir/rosidl_typesupport_fastrtps_c/lab1_msgs/msg/detail/robot_action__type_support_c.cpp.o[0m
[ 42%] [32mBuilding CXX object CMakeFiles/lab1_msgs__rosidl_typesupport_fastrtps_cpp.dir/rosidl_typesupport_fastrtps_cpp/lab1_msgs/msg/detail/dds_fastrtps/robot_action__type_support.cpp.o[0m
[ 44%] [32mBuilding CXX object CMakeFiles/lab1_msgs__rosidl_typesupport_cpp.dir/rosidl_typesupport_cpp/lab1_msgs/srv/play_recording__type_support.cpp.o[0m
[ 46%] [32mBuilding CXX object CMakeFiles/lab1_msgs__rosidl_typesupport_introspection_cpp.dir/rosidl_typesupport_introspection_cpp/lab1_msgs/srv/detail/play_recording__type_support.cpp.o[0m
[ 48%] [32mBuilding CXX object CMakeFiles/lab1_msgs__rosidl_typesupport_fastrtps_c.dir/rosidl_typesupport_fastrtps_c/lab1_msgs/srv/detail/play_recording__type_support_c.cpp.o[0m
[ 51%] [32mBuilding CXX object CMakeFiles/lab1_msgs__rosidl_typesupport_fastrtps_cpp.dir/rosidl_typesupport_fastrtps_cpp/lab1_msgs/srv/detail/dds_fastrtps/play_recording__type_support.cpp.o[0m
[ 53%] [32m[1mLinking CXX shared library liblab1_msgs__rosidl_typesupport_cpp.so[0m
[ 55%] [32m[1mLinking CXX shared library liblab1_msgs__rosidl_typesupport_introspection_cpp.so[0m
[ 55%] Built target lab1_msgs__rosidl_typesupport_cpp
[ 57%] [34m[1mGenerating C introspection for ROS interfaces[0m
[ 57%] Built target lab1_msgs__rosidl_typesupport_introspection_cpp
[ 60%] [34m[1mGenerating C type support dispatch for ROS interfaces[0m
[ 62%] [32m[1mLinking CXX shared library liblab1_msgs__rosidl_typesupport_fastrtps_c.so[0m
[ 64%] [32mBuilding CXX object CMakeFiles/lab1_msgs__rosidl_typesupport_c.dir/rosidl_typesupport_c/lab1_msgs/msg/robot_action__type_support.cpp.o[0m
[ 64%] Built target lab1_msgs__rosidl_typesupport_fastrtps_c
[ 66%] [32mBuilding C object CMakeFiles/lab1_msgs__rosidl_typesupport_introspection_c.dir/rosidl_typesupport_introspection_c/lab1_msgs/msg/detail/robot_action__type_support.c.o[0m
[ 68%] [32mBuilding C object CMakeFiles/lab1_msgs__rosidl_typesupport_introspection_c.dir/rosidl_typesupport_introspection_c/lab1_msgs/srv/detail/play_recording__type_support.c.o[0m
[ 71%] [32mBuilding CXX object CMakeFiles/lab1_msgs__rosidl_typesupport_c.dir/rosidl_typesupport_c/lab1_msgs/srv/play_recording__type_support.cpp.o[0m
[ 73%] [32m[1mLinking CXX shared library liblab1_msgs__rosidl_typesupport_fastrtps_cpp.so[0m
[ 75%] [32m[1mLinking C shared library liblab1_msgs__rosidl_typesupport_introspection_c.so[0m
[ 77%] [32m[1mLinking CXX shared library liblab1_msgs__rosidl_typesupport_c.so[0m
[ 77%] Built target lab1_msgs__rosidl_typesupport_introspection_c
[ 77%] Built target lab1_msgs__rosidl_typesupport_c
[ 77%] Built target lab1_msgs__rosidl_typesupport_fastrtps_cpp
[ 77%] Built target lab1_msgs
[ 80%] [34m[1mGenerating Python code for ROS interfaces[0m
[ 80%] Built target lab1_msgs__py
[ 84%] [32mBuilding C object CMakeFiles/lab1_msgs__rosidl_generator_py.dir/rosidl_generator_py/lab1_msgs/srv/_play_recording_s.c.o[0m
[ 84%] [32mBuilding C object CMakeFiles/lab1_msgs__rosidl_generator_py.dir/rosidl_generator_py/lab1_msgs/msg/_robot_action_s.c.o[0m
[ 86%] [32m[1mLinking C shared library liblab1_msgs__rosidl_generator_py.so[0m
[ 86%] Built target lab1_msgs__rosidl_generator_py
[ 93%] [32mBuilding C object CMakeFiles/lab1_msgs_s__rosidl_typesupport_introspection_c.dir/rosidl_generator_py/lab1_msgs/_lab1_msgs_s.ep.rosidl_typesupport_introspection_c.c.o[0m
[ 93%] [32mBuilding C object CMakeFiles/lab1_msgs_s__rosidl_typesupport_fastrtps_c.dir/rosidl_generator_py/lab1_msgs/_lab1_msgs_s.ep.rosidl_typesupport_fastrtps_c.c.o[0m
[ 93%] [32mBuilding C object CMakeFiles/lab1_msgs_s__rosidl_typesupport_c.dir/rosidl_generator_py/lab1_msgs/_lab1_msgs_s.ep.rosidl_typesupport_c.c.o[0m
[ 95%] [32m[1mLinking C shared module rosidl_generator_py/lab1_msgs/lab1_msgs_s__rosidl_typesupport_c.so[0m
[ 97%] [32m[1mLinking C shared module rosidl_generator_py/lab1_msgs/lab1_msgs_s__rosidl_typesupport_introspection_c.so[0m
[100%] [32m[1mLinking C shared module rosidl_generator_py/lab1_msgs/lab1_msgs_s__rosidl_typesupport_fastrtps_c.so[0m
[100%] Built target lab1_msgs_s__rosidl_typesupport_c
[100%] Built target lab1_msgs_s__rosidl_typesupport_fastrtps_c
[100%] Built target lab1_msgs_s__rosidl_typesupport_introspection_c
-- Install configuration: ""
-- Installing: /home/jffg/Desktop/CargaBot/ROS2_Software/ros2_ws/install/lab1_msgs/share/ament_index/resource_index/rosidl_interfaces/lab1_msgs
-- Installing: /home/jffg/Desktop/CargaBot/ROS2_Software/ros2_ws/install/lab1_msgs/share/lab1_msgs/msg/RobotAction.json
-- Installing: /home/jffg/Desktop/CargaBot/ROS2_Software/ros2_ws/install/lab1_msgs/share/lab1_msgs/srv/PlayRecording.json
-- Installing: /home/jffg/Desktop/CargaBot/ROS2_Software/ros2_ws/install/lab1_msgs/include/lab1_msgs/lab1_msgs
-- Installing: /home/jffg/Desktop/CargaBot/ROS2_Software/ros2_ws/install/lab1_msgs/include/lab1_msgs/lab1_msgs/msg
-- Installing: /home/jffg/Desktop/CargaBot/ROS2_Software/ros2_ws/install/lab1_msgs/include/lab1_msgs/lab1_msgs/msg/robot_action.h
-- Installing: /home/jffg/Desktop/CargaBot/ROS2_Software/ros2_ws/install/lab1_msgs/include/lab1_msgs/lab1_msgs/msg/rosidl_generator_c__visibility_control.h
-- Installing: /home/jffg/Desktop/CargaBot/ROS2_Software/ros2_ws/install/lab1_msgs/include/lab1_msgs/lab1_msgs/msg/detail
-- Installing: /home/jffg/Desktop/CargaBot/ROS2_Software/ros2_ws/install/lab1_msgs/include/lab1_msgs/lab1_msgs/msg/detail/robot_action__description.c
-- Installing: /home/jffg/Desktop/CargaBot/ROS2_Software/ros2_ws/install/lab1_msgs/include/lab1_msgs/lab1_msgs/msg/detail/robot_action__struct.h
-- Installing: /home/jffg/Desktop/CargaBot/ROS2_Software/ros2_ws/install/lab1_msgs/include/lab1_msgs/lab1_msgs/msg/detail/robot_action__functions.h
-- Installing: /home/jffg/Desktop/CargaBot/ROS2_Software/ros2_ws/install/lab1_msgs/include/lab1_msgs/lab1_msgs/msg/detail/robot_action__type_support.h
-- Installing: /home/jffg/Desktop/CargaBot/ROS2_Software/ros2_ws/install/lab1_msgs/include/lab1_msgs/lab1_msgs/msg/detail/robot_action__functions.c
-- Installing: /home/jffg/Desktop/CargaBot/ROS2_Software/ros2_ws/install/lab1_msgs/include/lab1_msgs/lab1_msgs/msg/detail/robot_action__type_support.c
-- Installing: /home/jffg/Desktop/CargaBot/ROS2_Software/ros2_ws/install/lab1_msgs/include/lab1_msgs/lab1_msgs/srv
-- Installing: /home/jffg/Desktop/CargaBot/ROS2_Software/ros2_ws/install/lab1_msgs/include/lab1_msgs/lab1_msgs/srv/play_recording.h
-- Installing: /home/jffg/Desktop/CargaBot/ROS2_Software/ros2_ws/install/lab1_msgs/include/lab1_msgs/lab1_msgs/srv/detail
-- Installing: /home/jffg/Desktop/CargaBot/ROS2_Software/ros2_ws/install/lab1_msgs/include/lab1_msgs/lab1_msgs/srv/detail/play_recording__type_support.h
-- Installing: /home/jffg/Desktop/CargaBot/ROS2_Software/ros2_ws/install/lab1_msgs/include/lab1_msgs/lab1_msgs/srv/detail/play_recording__type_support.c
-- Installing: /home/jffg/Desktop/CargaBot/ROS2_Software/ros2_ws/install/lab1_msgs/include/lab1_msgs/lab1_msgs/srv/detail/play_recording__functions.h
-- Installing: /home/jffg/Desktop/CargaBot/ROS2_Software/ros2_ws/install/lab1_msgs/include/lab1_msgs/lab1_msgs/srv/detail/play_recording__description.c
-- Installing: /home/jffg/Desktop/CargaBot/ROS2_Software/ros2_ws/install/lab1_msgs/include/lab1_msgs/lab1_msgs/srv/detail/play_recording__functions.c
-- Installing: /home/jffg/Desktop/CargaBot/ROS2_Software/ros2_ws/install/lab1_msgs/include/lab1_msgs/lab1_msgs/srv/detail/play_recording__struct.h
-- Installing: /home/jffg/Desktop/CargaBot/ROS2_Software/ros2_ws/install/lab1_msgs/share/lab1_msgs/environment/library_path.sh
-- Installing: /home/jffg/Desktop/CargaBot/ROS2_Software/ros2_ws/install/lab1_msgs/share/lab1_msgs/environment/library_path.dsv
-- Installing: /home/jffg/Desktop/CargaBot/ROS2_Software/ros2_ws/install/lab1_msgs/lib/liblab1_msgs__rosidl_generator_c.so
-- Set non-toolchain portion of runtime path of "/home/jffg/Desktop/CargaBot/ROS2_Software/ros2_ws/install/lab1_msgs/lib/liblab1_msgs__rosidl_generator_c.so" to ""
-- Up-to-date: /home/jffg/Desktop/CargaBot/ROS2_Software/ros2_ws/install/lab1_msgs/include/lab1_msgs/lab1_msgs
-- Up-to-date: /home/jffg/Desktop/CargaBot/ROS2_Software/ros2_ws/install/lab1_msgs/include/lab1_msgs/lab1_msgs/msg
-- Installing: /home/jffg/Desktop/CargaBot/ROS2_Software/ros2_ws/install/lab1_msgs/include/lab1_msgs/lab1_msgs/msg/rosidl_typesupport_fastrtps_c__visibility_control.h
-- Up-to-date: /home/jffg/Desktop/CargaBot/ROS2_Software/ros2_ws/install/lab1_msgs/include/lab1_msgs/lab1_msgs/msg/detail
-- Installing: /home/jffg/Desktop/CargaBot/ROS2_Software/ros2_ws/install/lab1_msgs/include/lab1_msgs/lab1_msgs/msg/detail/robot_action__rosidl_typesupport_fastrtps_c.h
-- Up-to-date: /home/jffg/Desktop/CargaBot/ROS2_Software/ros2_ws/install/lab1_msgs/include/lab1_msgs/lab1_msgs/srv
-- Up-to-date: /home/jffg/Desktop/CargaBot/ROS2_Software/ros2_ws/install/lab1_msgs/include/lab1_msgs/lab1_msgs/srv/detail
-- Installing: /home/jffg/Desktop/CargaBot/ROS2_Software/ros2_ws/install/lab1_msgs/include/lab1_msgs/lab1_msgs/srv/detail/play_recording__rosidl_typesupport_fastrtps_c.h
-- Installing: /home/jffg/Desktop/CargaBot/ROS2_Software/ros2_ws/install/lab1_msgs/lib/liblab1_msgs__rosidl_typesupport_fastrtps_c.so
-- Set non-toolchain portion of runtime path of "/home/jffg/Desktop/CargaBot/ROS2_Software/ros2_ws/install/lab1_msgs/lib/liblab1_msgs__rosidl_typesupport_fastrtps_c.so" to ""
-- Up-to-date: /home/jffg/Desktop/CargaBot/ROS2_Software/ros2_ws/install/lab1_msgs/include/lab1_msgs/lab1_msgs
-- Up-to-date: /home/jffg/Desktop/CargaBot/ROS2_Software/ros2_ws/install/lab1_msgs/include/lab1_msgs/lab1_msgs/msg
-- Installing: /home/jffg/Desktop/CargaBot/ROS2_Software/ros2_ws/install/lab1_msgs/include/lab1_msgs/lab1_msgs/msg/rosidl_typesupport_introspection_c__visibility_control.h
-- Up-to-date: /home/jffg/Desktop/CargaBot/ROS2_Software/ros2_ws/install/lab1_msgs/include/lab1_msgs/lab1_msgs/msg/detail
-- Installing: /home/jffg/Desktop/CargaBot/ROS2_Software/ros2_ws/install/lab1_msgs/include/lab1_msgs/lab1_msgs/msg/detail/robot_action__rosidl_typesupport_introspection_c.h
-- Installing: /home/jffg/Desktop/CargaBot/ROS2_Software/ros2_ws/install/lab1_msgs/include/lab1_msgs/lab1_msgs/msg/detail/robot_action__type_support.c
-- Up-to-date: /home/jffg/Desktop/CargaBot/ROS2_Software/ros2_ws/install/lab1_msgs/include/lab1_msgs/lab1_msgs/srv
-- Up-to-date: /home/jffg/Desktop/CargaBot/ROS2_Software/ros2_ws/install/lab1_msgs/include/lab1_msgs/lab1_msgs/srv/detail
-- Installing: /home/jffg/Desktop/CargaBot/ROS2_Software/ros2_ws/install/lab1_msgs/include/lab1_msgs/lab1_msgs/srv/detail/play_recording__rosidl_typesupport_introspection_c.h
-- Installing: /home/jffg/Desktop/CargaBot/ROS2_Software/ros2_ws/install/lab1_msgs/include/lab1_msgs/lab1_msgs/srv/detail/play_recording__type_support.c
-- Installing: /home/jffg/Desktop/CargaBot/ROS2_Software/ros2_ws/install/lab1_msgs/lib/liblab1_msgs__rosidl_typesupport_introspection_c.so
-- Set non-toolchain portion of runtime path of "/home/jffg/Desktop/CargaBot/ROS2_Software/ros2_ws/install/lab1_msgs/lib/liblab1_msgs__rosidl_typesupport_introspection_c.so" to ""
-- Installing: /home/jffg/Desktop/CargaBot/ROS2_Software/ros2_ws/install/lab1_msgs/lib/liblab1_msgs__rosidl_typesupport_c.so
-- Set non-toolchain portion of runtime path of "/home/jffg/Desktop/CargaBot/ROS2_Software/ros2_ws/install/lab1_msgs/lib/liblab1_msgs__rosidl_typesupport_c.so" to ""
-- Up-to-date: /home/jffg/Desktop/CargaBot/ROS2_Software/ros2_ws/install/lab1_msgs/include/lab1_msgs/lab1_msgs
-- Up-to-date: /home/jffg/Desktop/CargaBot/ROS2_Software/ros2_ws/install/lab1_msgs/include/lab1_msgs/lab1_msgs/msg
-- Installing: /home/jffg/Desktop/CargaBot/ROS2_Software/ros2_ws/install/lab1_msgs/include/lab1_msgs/lab1_msgs/msg/rosidl_generator_cpp__visibility_control.hpp
-- Installing: /home/jffg/Desktop/CargaBot/ROS2_Software/ros2_ws/install/lab1_msgs/include/lab1_msgs/lab1_msgs/msg/robot_action.hpp
-- Up-to-date: /home/jffg/Desktop/CargaBot/ROS2_Software/ros2_ws/install/lab1_msgs/include/lab1_msgs/lab1_msgs/msg/detail
-- Installing: /home/jffg/Desktop/CargaBot/ROS2_Software/ros2_ws/install/lab1_msgs/include/lab1_msgs/lab1_msgs/msg/detail/robot_action__builder.hpp
-- Installing: /home/jffg/Desktop/CargaBot/ROS2_Software/ros2_ws/install/lab1_msgs/include/lab1_msgs/lab1_msgs/msg/detail/robot_action__traits.hpp
-- Installing: /home/jffg/Desktop/CargaBot/ROS2_Software/ros2_ws/install/lab1_msgs/include/lab1_msgs/lab1_msgs/msg/detail/robot_action__type_support.hpp
-- Installing: /home/jffg/Desktop/CargaBot/ROS2_Software/ros2_ws/install/lab1_msgs/include/lab1_msgs/lab1_msgs/msg/detail/robot_action__struct.hpp
-- Up-to-date: /home/jffg/Desktop/CargaBot/ROS2_Software/ros2_ws/install/lab1_msgs/include/lab1_msgs/lab1_msgs/srv
-- Up-to-date: /home/jffg/Desktop/CargaBot/ROS2_Software/ros2_ws/install/lab1_msgs/include/lab1_msgs/lab1_msgs/srv/detail
-- Installing: /home/jffg/Desktop/CargaBot/ROS2_Software/ros2_ws/install/lab1_msgs/include/lab1_msgs/lab1_msgs/srv/detail/play_recording__builder.hpp
-- Installing: /home/jffg/Desktop/CargaBot/ROS2_Software/ros2_ws/install/lab1_msgs/include/lab1_msgs/lab1_msgs/srv/detail/play_recording__type_support.hpp
-- Installing: /home/jffg/Desktop/CargaBot/ROS2_Software/ros2_ws/install/lab1_msgs/include/lab1_msgs/lab1_msgs/srv/detail/play_recording__traits.hpp
-- Installing: /home/jffg/Desktop/CargaBot/ROS2_Software/ros2_ws/install/lab1_msgs/include/lab1_msgs/lab1_msgs/srv/detail/play_recording__struct.hpp
-- Installing: /home/jffg/Desktop/CargaBot/ROS2_Software/ros2_ws/install/lab1_msgs/include/lab1_msgs/lab1_msgs/srv/play_recording.hpp
-- Up-to-date: /home/jffg/Desktop/CargaBot/ROS2_Software/ros2_ws/install/lab1_msgs/include/lab1_msgs/lab1_msgs
-- Up-to-date: /home/jffg/Desktop/CargaBot/ROS2_Software/ros2_ws/install/lab1_msgs/include/lab1_msgs/lab1_msgs/msg
-- Installing: /home/jffg/Desktop/CargaBot/ROS2_Software/ros2_ws/install/lab1_msgs/include/lab1_msgs/lab1_msgs/msg/rosidl_typesupport_fastrtps_cpp__visibility_control.h
-- Up-to-date: /home/jffg/Desktop/CargaBot/ROS2_Software/ros2_ws/install/lab1_msgs/include/lab1_msgs/lab1_msgs/msg/detail
-- Installing: /home/jffg/Desktop/CargaBot/ROS2_Software/ros2_ws/install/lab1_msgs/include/lab1_msgs/lab1_msgs/msg/detail/dds_fastrtps
-- Installing: /home/jffg/Desktop/CargaBot/ROS2_Software/ros2_ws/install/lab1_msgs/include/lab1_msgs/lab1_msgs/msg/detail/robot_action__rosidl_typesupport_fastrtps_cpp.hpp
-- Up-to-date: /home/jffg/Desktop/CargaBot/ROS2_Software/ros2_ws/install/lab1_msgs/include/lab1_msgs/lab1_msgs/srv
-- Up-to-date: /home/jffg/Desktop/CargaBot/ROS2_Software/ros2_ws/install/lab1_msgs/include/lab1_msgs/lab1_msgs/srv/detail
-- Installing: /home/jffg/Desktop/CargaBot/ROS2_Software/ros2_ws/install/lab1_msgs/include/lab1_msgs/lab1_msgs/srv/detail/play_recording__rosidl_typesupport_fastrtps_cpp.hpp
-- Installing: /home/jffg/Desktop/CargaBot/ROS2_Software/ros2_ws/install/lab1_msgs/include/lab1_msgs/lab1_msgs/srv/detail/dds_fastrtps
-- Installing: /home/jffg/Desktop/CargaBot/ROS2_Software/ros2_ws/install/lab1_msgs/lib/liblab1_msgs__rosidl_typesupport_fastrtps_cpp.so
-- Set non-toolchain portion of runtime path of "/home/jffg/Desktop/CargaBot/ROS2_Software/ros2_ws/install/lab1_msgs/lib/liblab1_msgs__rosidl_typesupport_fastrtps_cpp.so" to ""
-- Up-to-date: /home/jffg/Desktop/CargaBot/ROS2_Software/ros2_ws/install/lab1_msgs/include/lab1_msgs/lab1_msgs
-- Up-to-date: /home/jffg/Desktop/CargaBot/ROS2_Software/ros2_ws/install/lab1_msgs/include/lab1_msgs/lab1_msgs/msg
-- Up-to-date: /home/jffg/Desktop/CargaBot/ROS2_Software/ros2_ws/install/lab1_msgs/include/lab1_msgs/lab1_msgs/msg/detail
-- Installing: /home/jffg/Desktop/CargaBot/ROS2_Software/ros2_ws/install/lab1_msgs/include/lab1_msgs/lab1_msgs/msg/detail/robot_action__type_support.cpp
-- Installing: /home/jffg/Desktop/CargaBot/ROS2_Software/ros2_ws/install/lab1_msgs/include/lab1_msgs/lab1_msgs/msg/detail/robot_action__rosidl_typesupport_introspection_cpp.hpp
-- Up-to-date: /home/jffg/Desktop/CargaBot/ROS2_Software/ros2_ws/install/lab1_msgs/include/lab1_msgs/lab1_msgs/srv
-- Up-to-date: /home/jffg/Desktop/CargaBot/ROS2_Software/ros2_ws/install/lab1_msgs/include/lab1_msgs/lab1_msgs/srv/detail
-- Installing: /home/jffg/Desktop/CargaBot/ROS2_Software/ros2_ws/install/lab1_msgs/include/lab1_msgs/lab1_msgs/srv/detail/play_recording__type_support.cpp
-- Installing: /home/jffg/Desktop/CargaBot/ROS2_Software/ros2_ws/install/lab1_msgs/include/lab1_msgs/lab1_msgs/srv/detail/play_recording__rosidl_typesupport_introspection_cpp.hpp
-- Installing: /home/jffg/Desktop/CargaBot/ROS2_Software/ros2_ws/install/lab1_msgs/lib/liblab1_msgs__rosidl_typesupport_introspection_cpp.so
-- Set non-toolchain portion of runtime path of "/home/jffg/Desktop/CargaBot/ROS2_Software/ros2_ws/install/lab1_msgs/lib/liblab1_msgs__rosidl_typesupport_introspection_cpp.so" to ""
-- Installing: /home/jffg/Desktop/CargaBot/ROS2_Software/ros2_ws/install/lab1_msgs/lib/liblab1_msgs__rosidl_typesupport_cpp.so
-- Set non-toolchain portion of runtime path of "/home/jffg/Desktop/CargaBot/ROS2_Software/ros2_ws/install/lab1_msgs/lib/liblab1_msgs__rosidl_typesupport_cpp.so" to ""
-- Installing: /home/jffg/Desktop/CargaBot/ROS2_Software/ros2_ws/install/lab1_msgs/share/lab1_msgs/environment/pythonpath.sh
-- Installing: /home/jffg/Desktop/CargaBot/ROS2_Software/ros2_ws/install/lab1_msgs/share/lab1_msgs/environment/pythonpath.dsv
-- Installing: /home/jffg/Desktop/CargaBot/ROS2_Software/ros2_ws/install/lab1_msgs/lib/python3.12/site-packages/lab1_msgs-0.0.0-py3.12.egg-info
-- Installing: /home/jffg/Desktop/CargaBot/ROS2_Software/ros2_ws/install/lab1_msgs/lib/python3.12/site-packages/lab1_msgs-0.0.0-py3.12.egg-info/top_level.txt
-- Installing: /home/jffg/Desktop/CargaBot/ROS2_Software/ros2_ws/install/lab1_msgs/lib/python3.12/site-packages/lab1_msgs-0.0.0-py3.12.egg-info/PKG-INFO
-- Installing: /home/jffg/Desktop/CargaBot/ROS2_Software/ros2_ws/install/lab1_msgs/lib/python3.12/site-packages/lab1_msgs-0.0.0-py3.12.egg-info/SOURCES.txt
-- Installing: /home/jffg/Desktop/CargaBot/ROS2_Software/ros2_ws/install/lab1_msgs/lib/python3.12/site-packages/lab1_msgs-0.0.0-py3.12.egg-info/dependency_links.txt
-- Installing: /home/jffg/Desktop/CargaBot/ROS2_Software/ros2_ws/install/lab1_msgs/lib/python3.12/site-packages/lab1_msgs
-- Installing: /home/jffg/Desktop/CargaBot/ROS2_Software/ros2_ws/install/lab1_msgs/lib/python3.12/site-packages/lab1_msgs/msg
-- Installing: /home/jffg/Desktop/CargaBot/ROS2_Software/ros2_ws/install/lab1_msgs/lib/python3.12/site-packages/lab1_msgs/msg/__init__.py
-- Installing: /home/jffg/Desktop/CargaBot/ROS2_Software/ros2_ws/install/lab1_msgs/lib/python3.12/site-packages/lab1_msgs/msg/_robot_action_s.c
-- Installing: /home/jffg/Desktop/CargaBot/ROS2_Software/ros2_ws/install/lab1_msgs/lib/python3.12/site-packages/lab1_msgs/msg/_robot_action.py
-- Installing: /home/jffg/Desktop/CargaBot/ROS2_Software/ros2_ws/install/lab1_msgs/lib/python3.12/site-packages/lab1_msgs/__init__.py
-- Installing: /home/jffg/Desktop/CargaBot/ROS2_Software/ros2_ws/install/lab1_msgs/lib/python3.12/site-packages/lab1_msgs/_lab1_msgs_s.ep.rosidl_typesupport_c.c
-- Installing: /home/jffg/Desktop/CargaBot/ROS2_Software/ros2_ws/install/lab1_msgs/lib/python3.12/site-packages/lab1_msgs/_lab1_msgs_s.ep.rosidl_typesupport_fastrtps_c.c
-- Installing: /home/jffg/Desktop/CargaBot/ROS2_Software/ros2_ws/install/lab1_msgs/lib/python3.12/site-packages/lab1_msgs/srv
-- Installing: /home/jffg/Desktop/CargaBot/ROS2_Software/ros2_ws/install/lab1_msgs/lib/python3.12/site-packages/lab1_msgs/srv/_play_recording_s.c
-- Installing: /home/jffg/Desktop/CargaBot/ROS2_Software/ros2_ws/install/lab1_msgs/lib/python3.12/site-packages/lab1_msgs/srv/_play_recording.py
-- Installing: /home/jffg/Desktop/CargaBot/ROS2_Software/ros2_ws/install/lab1_msgs/lib/python3.12/site-packages/lab1_msgs/srv/__init__.py
-- Installing: /home/jffg/Desktop/CargaBot/ROS2_Software/ros2_ws/install/lab1_msgs/lib/python3.12/site-packages/lab1_msgs/lab1_msgs_s__rosidl_typesupport_introspection_c.so
-- Installing: /home/jffg/Desktop/CargaBot/ROS2_Software/ros2_ws/install/lab1_msgs/lib/python3.12/site-packages/lab1_msgs/_lab1_msgs_s.ep.rosidl_typesupport_introspection_c.c
-- Installing: /home/jffg/Desktop/CargaBot/ROS2_Software/ros2_ws/install/lab1_msgs/lib/python3.12/site-packages/lab1_msgs/lab1_msgs_s__rosidl_typesupport_fastrtps_c.so
-- Installing: /home/jffg/Desktop/CargaBot/ROS2_Software/ros2_ws/install/lab1_msgs/lib/python3.12/site-packages/lab1_msgs/lab1_msgs_s__rosidl_typesupport_c.so
Listing '/home/jffg/Desktop/CargaBot/ROS2_Software/ros2_ws/install/lab1_msgs/lib/python3.12/site-packages/lab1_msgs'...
Compiling '/home/jffg/Desktop/CargaBot/ROS2_Software/ros2_ws/install/lab1_msgs/lib/python3.12/site-packages/lab1_msgs/__init__.py'...
Listing '/home/jffg/Desktop/CargaBot/ROS2_Software/ros2_ws/install/lab1_msgs/lib/python3.12/site-packages/lab1_msgs/msg'...
Compiling '/home/jffg/Desktop/CargaBot/ROS2_Software/ros2_ws/install/lab1_msgs/lib/python3.12/site-packages/lab1_msgs/msg/__init__.py'...
Compiling '/home/jffg/Desktop/CargaBot/ROS2_Software/ros2_ws/install/lab1_msgs/lib/python3.12/site-packages/lab1_msgs/msg/_robot_action.py'...
Listing '/home/jffg/Desktop/CargaBot/ROS2_Software/ros2_ws/install/lab1_msgs/lib/python3.12/site-packages/lab1_msgs/srv'...
Compiling '/home/jffg/Desktop/CargaBot/ROS2_Software/ros2_ws/install/lab1_msgs/lib/python3.12/site-packages/lab1_msgs/srv/__init__.py'...
Compiling '/home/jffg/Desktop/CargaBot/ROS2_Software/ros2_ws/install/lab1_msgs/lib/python3.12/site-packages/lab1_msgs/srv/_play_recording.py'...
-- Installing: /home/jffg/Desktop/CargaBot/ROS2_Software/ros2_ws/install/lab1_msgs/lib/python3.12/site-packages/lab1_msgs/lab1_msgs_s__rosidl_typesupport_fastrtps_c.so
-- Set non-toolchain portion of runtime path of "/home/jffg/Desktop/CargaBot/ROS2_Software/ros2_ws/install/lab1_msgs/lib/python3.12/site-packages/lab1_msgs/lab1_msgs_s__rosidl_typesupport_fastrtps_c.so" to ""
-- Installing: /home/jffg/Desktop/CargaBot/ROS2_Software/ros2_ws/install/lab1_msgs/lib/python3.12/site-packages/lab1_msgs/lab1_msgs_s__rosidl_typesupport_introspection_c.so
-- Set non-toolchain portion of runtime path of "/home/jffg/Desktop/CargaBot/ROS2_Software/ros2_ws/install/lab1_msgs/lib/python3.12/site-packages/lab1_msgs/lab1_msgs_s__rosidl_typesupport_introspection_c.so" to ""
-- Installing: /home/jffg/Desktop/CargaBot/ROS2_Software/ros2_ws/install/lab1_msgs/lib/python3.12/site-packages/lab1_msgs/lab1_msgs_s__rosidl_typesupport_c.so
-- Set non-toolchain portion of runtime path of "/home/jffg/Desktop/CargaBot/ROS2_Software/ros2_ws/install/lab1_msgs/lib/python3.12/site-packages/lab1_msgs/lab1_msgs_s__rosidl_typesupport_c.so" to ""
-- Installing: /home/jffg/Desktop/CargaBot/ROS2_Software/ros2_ws/install/lab1_msgs/lib/liblab1_msgs__rosidl_generator_py.so
-- Set non-toolchain portion of runtime path of "/home/jffg/Desktop/CargaBot/ROS2_Software/ros2_ws/install/lab1_msgs/lib/liblab1_msgs__rosidl_generator_py.so" to ""
-- Installing: /home/jffg/Desktop/CargaBot/ROS2_Software/ros2_ws/install/lab1_msgs/share/ament_index/resource_index/rust_packages/lab1_msgs
-- Installing: /home/jffg/Desktop/CargaBot/ROS2_Software/ros2_ws/install/lab1_msgs/share/lab1_msgs/rust
-- Installing: /home/jffg/Desktop/CargaBot/ROS2_Software/ros2_ws/install/lab1_msgs/share/lab1_msgs/rust/build.rs
-- Installing: /home/jffg/Desktop/CargaBot/ROS2_Software/ros2_ws/install/lab1_msgs/share/lab1_msgs/rust/src
-- Installing: /home/jffg/Desktop/CargaBot/ROS2_Software/ros2_ws/install/lab1_msgs/share/lab1_msgs/rust/src/msg
-- Installing: /home/jffg/Desktop/CargaBot/ROS2_Software/ros2_ws/install/lab1_msgs/share/lab1_msgs/rust/src/msg/rmw.rs
-- Installing: /home/jffg/Desktop/CargaBot/ROS2_Software/ros2_ws/install/lab1_msgs/share/lab1_msgs/rust/src/lib.rs
-- Installing: /home/jffg/Desktop/CargaBot/ROS2_Software/ros2_ws/install/lab1_msgs/share/lab1_msgs/rust/src/srv
-- Installing: /home/jffg/Desktop/CargaBot/ROS2_Software/ros2_ws/install/lab1_msgs/share/lab1_msgs/rust/src/srv/rmw.rs
-- Installing: /home/jffg/Desktop/CargaBot/ROS2_Software/ros2_ws/install/lab1_msgs/share/lab1_msgs/rust/src/srv.rs
-- Installing: /home/jffg/Desktop/CargaBot/ROS2_Software/ros2_ws/install/lab1_msgs/share/lab1_msgs/rust/src/msg.rs
-- Installing: /home/jffg/Desktop/CargaBot/ROS2_Software/ros2_ws/install/lab1_msgs/share/lab1_msgs/rust/Cargo.toml
-- Installing: /home/jffg/Desktop/CargaBot/ROS2_Software/ros2_ws/install/lab1_msgs/share/lab1_msgs/msg/RobotAction.idl
-- Installing: /home/jffg/Desktop/CargaBot/ROS2_Software/ros2_ws/install/lab1_msgs/share/lab1_msgs/srv/PlayRecording.idl
-- Installing: /home/jffg/Desktop/CargaBot/ROS2_Software/ros2_ws/install/lab1_msgs/share/lab1_msgs/msg/RobotAction.msg
-- Installing: /home/jffg/Desktop/CargaBot/ROS2_Software/ros2_ws/install/lab1_msgs/share/lab1_msgs/srv/PlayRecording.srv
-- Installing: /home/jffg/Desktop/CargaBot/ROS2_Software/ros2_ws/install/lab1_msgs/share/ament_index/resource_index/package_run_dependencies/lab1_msgs
-- Installing: /home/jffg/Desktop/CargaBot/ROS2_Software/ros2_ws/install/lab1_msgs/share/ament_index/resource_index/parent_prefix_path/lab1_msgs
-- Installing: /home/jffg/Desktop/CargaBot/ROS2_Software/ros2_ws/install/lab1_msgs/share/lab1_msgs/environment/ament_prefix_path.sh
-- Installing: /home/jffg/Desktop/CargaBot/ROS2_Software/ros2_ws/install/lab1_msgs/share/lab1_msgs/environment/ament_prefix_path.dsv
-- Installing: /home/jffg/Desktop/CargaBot/ROS2_Software/ros2_ws/install/lab1_msgs/share/lab1_msgs/environment/path.sh
-- Installing: /home/jffg/Desktop/CargaBot/ROS2_Software/ros2_ws/install/lab1_msgs/share/lab1_msgs/environment/path.dsv
-- Installing: /home/jffg/Desktop/CargaBot/ROS2_Software/ros2_ws/install/lab1_msgs/share/lab1_msgs/local_setup.bash
-- Installing: /home/jffg/Desktop/CargaBot/ROS2_Software/ros2_ws/install/lab1_msgs/share/lab1_msgs/local_setup.sh
-- Installing: /home/jffg/Desktop/CargaBot/ROS2_Software/ros2_ws/install/lab1_msgs/share/lab1_msgs/local_setup.zsh
-- Installing: /home/jffg/Desktop/CargaBot/ROS2_Software/ros2_ws/install/lab1_msgs/share/lab1_msgs/local_setup.dsv
-- Installing: /home/jffg/Desktop/CargaBot/ROS2_Software/ros2_ws/install/lab1_msgs/share/lab1_msgs/package.dsv
-- Installing: /home/jffg/Desktop/CargaBot/ROS2_Software/ros2_ws/install/lab1_msgs/share/ament_index/resource_index/packages/lab1_msgs
-- Installing: /home/jffg/Desktop/CargaBot/ROS2_Software/ros2_ws/install/lab1_msgs/share/lab1_msgs/cmake/export_lab1_msgs__rosidl_generator_cExport.cmake
-- Installing: /home/jffg/Desktop/CargaBot/ROS2_Software/ros2_ws/install/lab1_msgs/share/lab1_msgs/cmake/export_lab1_msgs__rosidl_generator_cExport-noconfig.cmake
-- Installing: /home/jffg/Desktop/CargaBot/ROS2_Software/ros2_ws/install/lab1_msgs/share/lab1_msgs/cmake/export_lab1_msgs__rosidl_typesupport_fastrtps_cExport.cmake
-- Installing: /home/jffg/Desktop/CargaBot/ROS2_Software/ros2_ws/install/lab1_msgs/share/lab1_msgs/cmake/export_lab1_msgs__rosidl_typesupport_fastrtps_cExport-noconfig.cmake
-- Installing: /home/jffg/Desktop/CargaBot/ROS2_Software/ros2_ws/install/lab1_msgs/share/lab1_msgs/cmake/lab1_msgs__rosidl_typesupport_introspection_cExport.cmake
-- Installing: /home/jffg/Desktop/CargaBot/ROS2_Software/ros2_ws/install/lab1_msgs/share/lab1_msgs/cmake/lab1_msgs__rosidl_typesupport_introspection_cExport-noconfig.cmake
-- Installing: /home/jffg/Desktop/CargaBot/ROS2_Software/ros2_ws/install/lab1_msgs/share/lab1_msgs/cmake/lab1_msgs__rosidl_typesupport_cExport.cmake
-- Installing: /home/jffg/Desktop/CargaBot/ROS2_Software/ros2_ws/install/lab1_msgs/share/lab1_msgs/cmake/lab1_msgs__rosidl_typesupport_cExport-noconfig.cmake
-- Installing: /home/jffg/Desktop/CargaBot/ROS2_Software/ros2_ws/install/lab1_msgs/share/lab1_msgs/cmake/export_lab1_msgs__rosidl_generator_cppExport.cmake
-- Installing: /home/jffg/Desktop/CargaBot/ROS2_Software/ros2_ws/install/lab1_msgs/share/lab1_msgs/cmake/export_lab1_msgs__rosidl_typesupport_fastrtps_cppExport.cmake
-- Installing: /home/jffg/Desktop/CargaBot/ROS2_Software/ros2_ws/install/lab1_msgs/share/lab1_msgs/cmake/export_lab1_msgs__rosidl_typesupport_fastrtps_cppExport-noconfig.cmake
-- Installing: /home/jffg/Desktop/CargaBot/ROS2_Software/ros2_ws/install/lab1_msgs/share/lab1_msgs/cmake/lab1_msgs__rosidl_typesupport_introspection_cppExport.cmake
-- Installing: /home/jffg/Desktop/CargaBot/ROS2_Software/ros2_ws/install/lab1_msgs/share/lab1_msgs/cmake/lab1_msgs__rosidl_typesupport_introspection_cppExport-noconfig.cmake
-- Installing: /home/jffg/Desktop/CargaBot/ROS2_Software/ros2_ws/install/lab1_msgs/share/lab1_msgs/cmake/lab1_msgs__rosidl_typesupport_cppExport.cmake
-- Installing: /home/jffg/Desktop/CargaBot/ROS2_Software/ros2_ws/install/lab1_msgs/share/lab1_msgs/cmake/lab1_msgs__rosidl_typesupport_cppExport-noconfig.cmake
-- Installing: /home/jffg/Desktop/CargaBot/ROS2_Software/ros2_ws/install/lab1_msgs/share/lab1_msgs/cmake/export_lab1_msgs__rosidl_generator_pyExport.cmake
-- Installing: /home/jffg/Desktop/CargaBot/ROS2_Software/ros2_ws/install/lab1_msgs/share/lab1_msgs/cmake/export_lab1_msgs__rosidl_generator_pyExport-noconfig.cmake
-- Installing: /home/jffg/Desktop/CargaBot/ROS2_Software/ros2_ws/install/lab1_msgs/share/lab1_msgs/cmake/rosidl_cmake-extras.cmake
-- Installing: /home/jffg/Desktop/CargaBot/ROS2_Software/ros2_ws/install/lab1_msgs/share/lab1_msgs/cmake/ament_cmake_export_dependencies-extras.cmake
-- Installing: /home/jffg/Desktop/CargaBot/ROS2_Software/ros2_ws/install/lab1_msgs/share/lab1_msgs/cmake/ament_cmake_export_include_directories-extras.cmake
-- Installing: /home/jffg/Desktop/CargaBot/ROS2_Software/ros2_ws/install/lab1_msgs/share/lab1_msgs/cmake/ament_cmake_export_libraries-extras.cmake
-- Installing: /home/jffg/Desktop/CargaBot/ROS2_Software/ros2_ws/install/lab1_msgs/share/lab1_msgs/cmake/ament_cmake_export_targets-extras.cmake
-- Installing: /home/jffg/Desktop/CargaBot/ROS2_Software/ros2_ws/install/lab1_msgs/share/lab1_msgs/cmake/rosidl_cmake_export_typesupport_targets-extras.cmake
-- Installing: /home/jffg/Desktop/CargaBot/ROS2_Software/ros2_ws/install/lab1_msgs/share/lab1_msgs/cmake/rosidl_cmake_export_typesupport_libraries-extras.cmake
-- Installing: /home/jffg/Desktop/CargaBot/ROS2_Software/ros2_ws/install/lab1_msgs/share/lab1_msgs/cmake/lab1_msgsConfig.cmake
-- Installing: /home/jffg/Desktop/CargaBot/ROS2_Software/ros2_ws/install/lab1_msgs/share/lab1_msgs/cmake/lab1_msgsConfig-version.cmake
-- Installing: /home/jffg/Desktop/CargaBot/ROS2_Software/ros2_ws/install/lab1_msgs/share/lab1_msgs/package.xml
