[0.545s] Invoking command in '/home/felipe/Desktop/Robotica_Proy/CargaBot/ROS2_Software/ros2_ws/src/lab1_py_pkg': AMENT_PREFIX_PATH=/home/felipe/Desktop/Robotica_Proy/CargaBot/ROS2_Software/ros2_ws/install/lab1_msgs:${AMENT_PREFIX_PATH} CMAKE_PREFIX_PATH=/home/felipe/Desktop/Robotica_Proy/CargaBot/ROS2_Software/ros2_ws/install/lab1_msgs:${CMAKE_PREFIX_PATH} DEBUGINFOD_URLS=https://debuginfod.ubuntu.com LD_LIBRARY_PATH=/home/felipe/Desktop/Robotica_Proy/CargaBot/ROS2_Software/ros2_ws/install/lab1_msgs/lib:/opt/ros/jazzy/opt/sdformat_vendor/lib:/opt/ros/jazzy/opt/rviz_ogre_vendor/lib:/opt/ros/jazzy/lib/x86_64-linux-gnu:/opt/ros/jazzy/opt/gz_math_vendor/lib:/opt/ros/jazzy/opt/gz_utils_vendor/lib:/opt/ros/jazzy/opt/gz_tools_vendor/lib:/opt/ros/jazzy/opt/gz_cmake_vendor/lib:/opt/ros/jazzy/lib PYTHONPATH=/home/felipe/Desktop/Robotica_Proy/CargaBot/ROS2_Software/ros2_ws/build/lab1_py_pkg/prefix_override:/usr/lib/python3/dist-packages/colcon_core/task/python/colcon_distutils_commands:/home/felipe/Desktop/Robotica_Proy/CargaBot/ROS2_Software/ros2_ws/install/lab1_py_pkg/lib/python3.12/site-packages:/home/felipe/Desktop/Robotica_Proy/CargaBot/ROS2_Software/ros2_ws/install/lab1_msgs/lib/python3.12/site-packages:${PYTHONPATH} /usr/bin/python3 -W ignore:setup.py install is deprecated -W ignore:easy_install command is deprecated setup.py egg_info --egg-base ../../build/lab1_py_pkg build --build-base /home/felipe/Desktop/Robotica_Proy/CargaBot/ROS2_Software/ros2_ws/build/lab1_py_pkg/build install --record /home/felipe/Desktop/Robotica_Proy/CargaBot/ROS2_Software/ros2_ws/build/lab1_py_pkg/install.log --single-version-externally-managed install_data
[0.710s] running egg_info
[0.710s] creating ../../build/lab1_py_pkg/lab1_py_pkg.egg-info
[0.722s] writing ../../build/lab1_py_pkg/lab1_py_pkg.egg-info/PKG-INFO
[0.722s] writing dependency_links to ../../build/lab1_py_pkg/lab1_py_pkg.egg-info/dependency_links.txt
[0.722s] writing entry points to ../../build/lab1_py_pkg/lab1_py_pkg.egg-info/entry_points.txt
[0.722s] writing requirements to ../../build/lab1_py_pkg/lab1_py_pkg.egg-info/requires.txt
[0.723s] writing top-level names to ../../build/lab1_py_pkg/lab1_py_pkg.egg-info/top_level.txt
[0.723s] writing manifest file '../../build/lab1_py_pkg/lab1_py_pkg.egg-info/SOURCES.txt'
[0.747s] reading manifest file '../../build/lab1_py_pkg/lab1_py_pkg.egg-info/SOURCES.txt'
[0.747s] writing manifest file '../../build/lab1_py_pkg/lab1_py_pkg.egg-info/SOURCES.txt'
[0.747s] running build
[0.748s] running build_py
[0.748s] creating /home/felipe/Desktop/Robotica_Proy/CargaBot/ROS2_Software/ros2_ws/build/lab1_py_pkg/build
[0.748s] creating /home/felipe/Desktop/Robotica_Proy/CargaBot/ROS2_Software/ros2_ws/build/lab1_py_pkg/build/lib
[0.748s] creating /home/felipe/Desktop/Robotica_Proy/CargaBot/ROS2_Software/ros2_ws/build/lab1_py_pkg/build/lib/lab1_py_pkg
[0.748s] copying lab1_py_pkg/turtle_bot_serial_bridge.py -> /home/felipe/Desktop/Robotica_Proy/CargaBot/ROS2_Software/ros2_ws/build/lab1_py_pkg/build/lib/lab1_py_pkg
[0.748s] copying lab1_py_pkg/turtle_bot_teleop.py -> /home/felipe/Desktop/Robotica_Proy/CargaBot/ROS2_Software/ros2_ws/build/lab1_py_pkg/build/lib/lab1_py_pkg
[0.748s] copying lab1_py_pkg/__init__.py -> /home/felipe/Desktop/Robotica_Proy/CargaBot/ROS2_Software/ros2_ws/build/lab1_py_pkg/build/lib/lab1_py_pkg
[0.748s] copying lab1_py_pkg/turtle_bot_interface.py -> /home/felipe/Desktop/Robotica_Proy/CargaBot/ROS2_Software/ros2_ws/build/lab1_py_pkg/build/lib/lab1_py_pkg
[0.748s] copying lab1_py_pkg/serial_bridge_zero.py -> /home/felipe/Desktop/Robotica_Proy/CargaBot/ROS2_Software/ros2_ws/build/lab1_py_pkg/build/lib/lab1_py_pkg
[0.748s] copying lab1_py_pkg/turtle_bot_player.py -> /home/felipe/Desktop/Robotica_Proy/CargaBot/ROS2_Software/ros2_ws/build/lab1_py_pkg/build/lib/lab1_py_pkg
[0.756s] running install
[0.760s] running install_lib
[0.772s] creating /home/felipe/Desktop/Robotica_Proy/CargaBot/ROS2_Software/ros2_ws/install/lab1_py_pkg/lib/python3.12/site-packages/lab1_py_pkg
[0.772s] copying /home/felipe/Desktop/Robotica_Proy/CargaBot/ROS2_Software/ros2_ws/build/lab1_py_pkg/build/lib/lab1_py_pkg/turtle_bot_serial_bridge.py -> /home/felipe/Desktop/Robotica_Proy/CargaBot/ROS2_Software/ros2_ws/install/lab1_py_pkg/lib/python3.12/site-packages/lab1_py_pkg
[0.772s] copying /home/felipe/Desktop/Robotica_Proy/CargaBot/ROS2_Software/ros2_ws/build/lab1_py_pkg/build/lib/lab1_py_pkg/turtle_bot_teleop.py -> /home/felipe/Desktop/Robotica_Proy/CargaBot/ROS2_Software/ros2_ws/install/lab1_py_pkg/lib/python3.12/site-packages/lab1_py_pkg
[0.772s] copying /home/felipe/Desktop/Robotica_Proy/CargaBot/ROS2_Software/ros2_ws/build/lab1_py_pkg/build/lib/lab1_py_pkg/__init__.py -> /home/felipe/Desktop/Robotica_Proy/CargaBot/ROS2_Software/ros2_ws/install/lab1_py_pkg/lib/python3.12/site-packages/lab1_py_pkg
[0.773s] copying /home/felipe/Desktop/Robotica_Proy/CargaBot/ROS2_Software/ros2_ws/build/lab1_py_pkg/build/lib/lab1_py_pkg/turtle_bot_interface.py -> /home/felipe/Desktop/Robotica_Proy/CargaBot/ROS2_Software/ros2_ws/install/lab1_py_pkg/lib/python3.12/site-packages/lab1_py_pkg
[0.773s] copying /home/felipe/Desktop/Robotica_Proy/CargaBot/ROS2_Software/ros2_ws/build/lab1_py_pkg/build/lib/lab1_py_pkg/serial_bridge_zero.py -> /home/felipe/Desktop/Robotica_Proy/CargaBot/ROS2_Software/ros2_ws/install/lab1_py_pkg/lib/python3.12/site-packages/lab1_py_pkg
[0.773s] copying /home/felipe/Desktop/Robotica_Proy/CargaBot/ROS2_Software/ros2_ws/build/lab1_py_pkg/build/lib/lab1_py_pkg/turtle_bot_player.py -> /home/felipe/Desktop/Robotica_Proy/CargaBot/ROS2_Software/ros2_ws/install/lab1_py_pkg/lib/python3.12/site-packages/lab1_py_pkg
[0.773s] byte-compiling /home/felipe/Desktop/Robotica_Proy/CargaBot/ROS2_Software/ros2_ws/install/lab1_py_pkg/lib/python3.12/site-packages/lab1_py_pkg/turtle_bot_serial_bridge.py to turtle_bot_serial_bridge.cpython-312.pyc
[0.774s] byte-compiling /home/felipe/Desktop/Robotica_Proy/CargaBot/ROS2_Software/ros2_ws/install/lab1_py_pkg/lib/python3.12/site-packages/lab1_py_pkg/turtle_bot_teleop.py to turtle_bot_teleop.cpython-312.pyc
[0.774s] byte-compiling /home/felipe/Desktop/Robotica_Proy/CargaBot/ROS2_Software/ros2_ws/install/lab1_py_pkg/lib/python3.12/site-packages/lab1_py_pkg/__init__.py to __init__.cpython-312.pyc
[0.774s] byte-compiling /home/felipe/Desktop/Robotica_Proy/CargaBot/ROS2_Software/ros2_ws/install/lab1_py_pkg/lib/python3.12/site-packages/lab1_py_pkg/turtle_bot_interface.py to turtle_bot_interface.cpython-312.pyc
[0.777s] byte-compiling /home/felipe/Desktop/Robotica_Proy/CargaBot/ROS2_Software/ros2_ws/install/lab1_py_pkg/lib/python3.12/site-packages/lab1_py_pkg/serial_bridge_zero.py to serial_bridge_zero.cpython-312.pyc
[0.778s] byte-compiling /home/felipe/Desktop/Robotica_Proy/CargaBot/ROS2_Software/ros2_ws/install/lab1_py_pkg/lib/python3.12/site-packages/lab1_py_pkg/turtle_bot_player.py to turtle_bot_player.cpython-312.pyc
[0.778s] running install_data
[0.779s] creating /home/felipe/Desktop/Robotica_Proy/CargaBot/ROS2_Software/ros2_ws/install/lab1_py_pkg/share/ament_index
[0.779s] creating /home/felipe/Desktop/Robotica_Proy/CargaBot/ROS2_Software/ros2_ws/install/lab1_py_pkg/share/ament_index/resource_index
[0.779s] creating /home/felipe/Desktop/Robotica_Proy/CargaBot/ROS2_Software/ros2_ws/install/lab1_py_pkg/share/ament_index/resource_index/packages
[0.779s] copying resource/lab1_py_pkg -> /home/felipe/Desktop/Robotica_Proy/CargaBot/ROS2_Software/ros2_ws/install/lab1_py_pkg/share/ament_index/resource_index/packages
[0.779s] copying package.xml -> /home/felipe/Desktop/Robotica_Proy/CargaBot/ROS2_Software/ros2_ws/install/lab1_py_pkg/share/lab1_py_pkg
[0.779s] running install_egg_info
[0.793s] Copying ../../build/lab1_py_pkg/lab1_py_pkg.egg-info to /home/felipe/Desktop/Robotica_Proy/CargaBot/ROS2_Software/ros2_ws/install/lab1_py_pkg/lib/python3.12/site-packages/lab1_py_pkg-0.0.0-py3.12.egg-info
[0.793s] running install_scripts
[0.882s] Installing serial_bridge_node" script to /home/felipe/Desktop/Robotica_Proy/CargaBot/ROS2_Software/ros2_ws/install/lab1_py_pkg/lib/lab1_py_pkg
[0.882s] Installing turtle_bot_interface script to /home/felipe/Desktop/Robotica_Proy/CargaBot/ROS2_Software/ros2_ws/install/lab1_py_pkg/lib/lab1_py_pkg
[0.882s] Installing turtle_bot_player script to /home/felipe/Desktop/Robotica_Proy/CargaBot/ROS2_Software/ros2_ws/install/lab1_py_pkg/lib/lab1_py_pkg
[0.882s] Installing turtle_bot_serial_bridge script to /home/felipe/Desktop/Robotica_Proy/CargaBot/ROS2_Software/ros2_ws/install/lab1_py_pkg/lib/lab1_py_pkg
[0.882s] Installing turtle_bot_teleop script to /home/felipe/Desktop/Robotica_Proy/CargaBot/ROS2_Software/ros2_ws/install/lab1_py_pkg/lib/lab1_py_pkg
[0.882s] writing list of installed files to '/home/felipe/Desktop/Robotica_Proy/CargaBot/ROS2_Software/ros2_ws/build/lab1_py_pkg/install.log'
[0.905s] Invoked command in '/home/felipe/Desktop/Robotica_Proy/CargaBot/ROS2_Software/ros2_ws/src/lab1_py_pkg' returned '0': AMENT_PREFIX_PATH=/home/felipe/Desktop/Robotica_Proy/CargaBot/ROS2_Software/ros2_ws/install/lab1_msgs:${AMENT_PREFIX_PATH} CMAKE_PREFIX_PATH=/home/felipe/Desktop/Robotica_Proy/CargaBot/ROS2_Software/ros2_ws/install/lab1_msgs:${CMAKE_PREFIX_PATH} DEBUGINFOD_URLS=https://debuginfod.ubuntu.com LD_LIBRARY_PATH=/home/felipe/Desktop/Robotica_Proy/CargaBot/ROS2_Software/ros2_ws/install/lab1_msgs/lib:/opt/ros/jazzy/opt/sdformat_vendor/lib:/opt/ros/jazzy/opt/rviz_ogre_vendor/lib:/opt/ros/jazzy/lib/x86_64-linux-gnu:/opt/ros/jazzy/opt/gz_math_vendor/lib:/opt/ros/jazzy/opt/gz_utils_vendor/lib:/opt/ros/jazzy/opt/gz_tools_vendor/lib:/opt/ros/jazzy/opt/gz_cmake_vendor/lib:/opt/ros/jazzy/lib PYTHONPATH=/home/felipe/Desktop/Robotica_Proy/CargaBot/ROS2_Software/ros2_ws/build/lab1_py_pkg/prefix_override:/usr/lib/python3/dist-packages/colcon_core/task/python/colcon_distutils_commands:/home/felipe/Desktop/Robotica_Proy/CargaBot/ROS2_Software/ros2_ws/install/lab1_py_pkg/lib/python3.12/site-packages:/home/felipe/Desktop/Robotica_Proy/CargaBot/ROS2_Software/ros2_ws/install/lab1_msgs/lib/python3.12/site-packages:${PYTHONPATH} /usr/bin/python3 -W ignore:setup.py install is deprecated -W ignore:easy_install command is deprecated setup.py egg_info --egg-base ../../build/lab1_py_pkg build --build-base /home/felipe/Desktop/Robotica_Proy/CargaBot/ROS2_Software/ros2_ws/build/lab1_py_pkg/build install --record /home/felipe/Desktop/Robotica_Proy/CargaBot/ROS2_Software/ros2_ws/build/lab1_py_pkg/install.log --single-version-externally-managed install_data
