running egg_info
creating ../../build/lab1_py_pkg/lab1_py_pkg.egg-info
writing ../../build/lab1_py_pkg/lab1_py_pkg.egg-info/PKG-INFO
writing dependency_links to ../../build/lab1_py_pkg/lab1_py_pkg.egg-info/dependency_links.txt
writing entry points to ../../build/lab1_py_pkg/lab1_py_pkg.egg-info/entry_points.txt
writing requirements to ../../build/lab1_py_pkg/lab1_py_pkg.egg-info/requires.txt
writing top-level names to ../../build/lab1_py_pkg/lab1_py_pkg.egg-info/top_level.txt
writing manifest file '../../build/lab1_py_pkg/lab1_py_pkg.egg-info/SOURCES.txt'
reading manifest file '../../build/lab1_py_pkg/lab1_py_pkg.egg-info/SOURCES.txt'
writing manifest file '../../build/lab1_py_pkg/lab1_py_pkg.egg-info/SOURCES.txt'
running build
running build_py
creating /home/jffg/Desktop/CargaBot/ROS2_Software/ros2_ws/build/lab1_py_pkg/build
creating /home/jffg/Desktop/CargaBot/ROS2_Software/ros2_ws/build/lab1_py_pkg/build/lib
creating /home/jffg/Desktop/CargaBot/ROS2_Software/ros2_ws/build/lab1_py_pkg/build/lib/lab1_py_pkg
copying lab1_py_pkg/serial_bridge_zero.py -> /home/jffg/Desktop/CargaBot/ROS2_Software/ros2_ws/build/lab1_py_pkg/build/lib/lab1_py_pkg
copying lab1_py_pkg/turtle_bot_serial_bridge.py -> /home/jffg/Desktop/CargaBot/ROS2_Software/ros2_ws/build/lab1_py_pkg/build/lib/lab1_py_pkg
copying lab1_py_pkg/turtle_bot_player.py -> /home/jffg/Desktop/CargaBot/ROS2_Software/ros2_ws/build/lab1_py_pkg/build/lib/lab1_py_pkg
copying lab1_py_pkg/__init__.py -> /home/jffg/Desktop/CargaBot/ROS2_Software/ros2_ws/build/lab1_py_pkg/build/lib/lab1_py_pkg
copying lab1_py_pkg/turtle_bot_interface.py -> /home/jffg/Desktop/CargaBot/ROS2_Software/ros2_ws/build/lab1_py_pkg/build/lib/lab1_py_pkg
copying lab1_py_pkg/turtle_bot_teleop.py -> /home/jffg/Desktop/CargaBot/ROS2_Software/ros2_ws/build/lab1_py_pkg/build/lib/lab1_py_pkg
running install
running install_lib
creating /home/jffg/Desktop/CargaBot/ROS2_Software/ros2_ws/install/lab1_py_pkg/lib/python3.12/site-packages/lab1_py_pkg
copying /home/jffg/Desktop/CargaBot/ROS2_Software/ros2_ws/build/lab1_py_pkg/build/lib/lab1_py_pkg/serial_bridge_zero.py -> /home/jffg/Desktop/CargaBot/ROS2_Software/ros2_ws/install/lab1_py_pkg/lib/python3.12/site-packages/lab1_py_pkg
copying /home/jffg/Desktop/CargaBot/ROS2_Software/ros2_ws/build/lab1_py_pkg/build/lib/lab1_py_pkg/turtle_bot_serial_bridge.py -> /home/jffg/Desktop/CargaBot/ROS2_Software/ros2_ws/install/lab1_py_pkg/lib/python3.12/site-packages/lab1_py_pkg
copying /home/jffg/Desktop/CargaBot/ROS2_Software/ros2_ws/build/lab1_py_pkg/build/lib/lab1_py_pkg/turtle_bot_player.py -> /home/jffg/Desktop/CargaBot/ROS2_Software/ros2_ws/install/lab1_py_pkg/lib/python3.12/site-packages/lab1_py_pkg
copying /home/jffg/Desktop/CargaBot/ROS2_Software/ros2_ws/build/lab1_py_pkg/build/lib/lab1_py_pkg/__init__.py -> /home/jffg/Desktop/CargaBot/ROS2_Software/ros2_ws/install/lab1_py_pkg/lib/python3.12/site-packages/lab1_py_pkg
copying /home/jffg/Desktop/CargaBot/ROS2_Software/ros2_ws/build/lab1_py_pkg/build/lib/lab1_py_pkg/turtle_bot_interface.py -> /home/jffg/Desktop/CargaBot/ROS2_Software/ros2_ws/install/lab1_py_pkg/lib/python3.12/site-packages/lab1_py_pkg
copying /home/jffg/Desktop/CargaBot/ROS2_Software/ros2_ws/build/lab1_py_pkg/build/lib/lab1_py_pkg/turtle_bot_teleop.py -> /home/jffg/Desktop/CargaBot/ROS2_Software/ros2_ws/install/lab1_py_pkg/lib/python3.12/site-packages/lab1_py_pkg
byte-compiling /home/jffg/Desktop/CargaBot/ROS2_Software/ros2_ws/install/lab1_py_pkg/lib/python3.12/site-packages/lab1_py_pkg/serial_bridge_zero.py to serial_bridge_zero.cpython-312.pyc
byte-compiling /home/jffg/Desktop/CargaBot/ROS2_Software/ros2_ws/install/lab1_py_pkg/lib/python3.12/site-packages/lab1_py_pkg/turtle_bot_serial_bridge.py to turtle_bot_serial_bridge.cpython-312.pyc
byte-compiling /home/jffg/Desktop/CargaBot/ROS2_Software/ros2_ws/install/lab1_py_pkg/lib/python3.12/site-packages/lab1_py_pkg/turtle_bot_player.py to turtle_bot_player.cpython-312.pyc
byte-compiling /home/jffg/Desktop/CargaBot/ROS2_Software/ros2_ws/install/lab1_py_pkg/lib/python3.12/site-packages/lab1_py_pkg/__init__.py to __init__.cpython-312.pyc
byte-compiling /home/jffg/Desktop/CargaBot/ROS2_Software/ros2_ws/install/lab1_py_pkg/lib/python3.12/site-packages/lab1_py_pkg/turtle_bot_interface.py to turtle_bot_interface.cpython-312.pyc
byte-compiling /home/jffg/Desktop/CargaBot/ROS2_Software/ros2_ws/install/lab1_py_pkg/lib/python3.12/site-packages/lab1_py_pkg/turtle_bot_teleop.py to turtle_bot_teleop.cpython-312.pyc
running install_data
creating /home/jffg/Desktop/CargaBot/ROS2_Software/ros2_ws/install/lab1_py_pkg/share
creating /home/jffg/Desktop/CargaBot/ROS2_Software/ros2_ws/install/lab1_py_pkg/share/ament_index
creating /home/jffg/Desktop/CargaBot/ROS2_Software/ros2_ws/install/lab1_py_pkg/share/ament_index/resource_index
creating /home/jffg/Desktop/CargaBot/ROS2_Software/ros2_ws/install/lab1_py_pkg/share/ament_index/resource_index/packages
copying resource/lab1_py_pkg -> /home/jffg/Desktop/CargaBot/ROS2_Software/ros2_ws/install/lab1_py_pkg/share/ament_index/resource_index/packages
creating /home/jffg/Desktop/CargaBot/ROS2_Software/ros2_ws/install/lab1_py_pkg/share/lab1_py_pkg
