[1.234s] Invoking command in '/home/jffg/Desktop/CargaBot/ROS2_Software/ros2_ws/src/lab1_py_pkg': DEBUGINFOD_URLS=https://debuginfod.ubuntu.com PYTHONPATH=/home/jffg/Desktop/CargaBot/ROS2_Software/ros2_ws/build/lab1_py_pkg/prefix_override:/usr/lib/python3/dist-packages/colcon_core/task/python/colcon_distutils_commands:/home/jffg/Desktop/CargaBot/ROS2_Software/ros2_ws/install/lab1_py_pkg/lib/python3.12/site-packages:${PYTHONPATH} /usr/bin/python3 -W ignore:setup.py install is deprecated -W ignore:easy_install command is deprecated setup.py egg_info --egg-base ../../build/lab1_py_pkg build --build-base /home/jffg/Desktop/CargaBot/ROS2_Software/ros2_ws/build/lab1_py_pkg/build install --record /home/jffg/Desktop/CargaBot/ROS2_Software/ros2_ws/build/lab1_py_pkg/install.log --single-version-externally-managed install_data
[1.628s] running egg_info
[1.629s] creating ../../build/lab1_py_pkg/lab1_py_pkg.egg-info
[1.653s] writing ../../build/lab1_py_pkg/lab1_py_pkg.egg-info/PKG-INFO
[1.654s] writing dependency_links to ../../build/lab1_py_pkg/lab1_py_pkg.egg-info/dependency_links.txt
[1.654s] writing entry points to ../../build/lab1_py_pkg/lab1_py_pkg.egg-info/entry_points.txt
[1.654s] writing requirements to ../../build/lab1_py_pkg/lab1_py_pkg.egg-info/requires.txt
[1.654s] writing top-level names to ../../build/lab1_py_pkg/lab1_py_pkg.egg-info/top_level.txt
[1.654s] writing manifest file '../../build/lab1_py_pkg/lab1_py_pkg.egg-info/SOURCES.txt'
[1.712s] reading manifest file '../../build/lab1_py_pkg/lab1_py_pkg.egg-info/SOURCES.txt'
[1.713s] writing manifest file '../../build/lab1_py_pkg/lab1_py_pkg.egg-info/SOURCES.txt'
[1.713s] running build
[1.713s] running build_py
[1.714s] creating /home/jffg/Desktop/CargaBot/ROS2_Software/ros2_ws/build/lab1_py_pkg/build
[1.714s] creating /home/jffg/Desktop/CargaBot/ROS2_Software/ros2_ws/build/lab1_py_pkg/build/lib
[1.714s] creating /home/jffg/Desktop/CargaBot/ROS2_Software/ros2_ws/build/lab1_py_pkg/build/lib/lab1_py_pkg
[1.714s] copying lab1_py_pkg/serial_bridge_zero.py -> /home/jffg/Desktop/CargaBot/ROS2_Software/ros2_ws/build/lab1_py_pkg/build/lib/lab1_py_pkg
[1.714s] copying lab1_py_pkg/turtle_bot_serial_bridge.py -> /home/jffg/Desktop/CargaBot/ROS2_Software/ros2_ws/build/lab1_py_pkg/build/lib/lab1_py_pkg
[1.714s] copying lab1_py_pkg/turtle_bot_player.py -> /home/jffg/Desktop/CargaBot/ROS2_Software/ros2_ws/build/lab1_py_pkg/build/lib/lab1_py_pkg
[1.715s] copying lab1_py_pkg/__init__.py -> /home/jffg/Desktop/CargaBot/ROS2_Software/ros2_ws/build/lab1_py_pkg/build/lib/lab1_py_pkg
[1.715s] copying lab1_py_pkg/turtle_bot_interface.py -> /home/jffg/Desktop/CargaBot/ROS2_Software/ros2_ws/build/lab1_py_pkg/build/lib/lab1_py_pkg
[1.715s] copying lab1_py_pkg/turtle_bot_teleop.py -> /home/jffg/Desktop/CargaBot/ROS2_Software/ros2_ws/build/lab1_py_pkg/build/lib/lab1_py_pkg
[1.715s] running install
[1.725s] running install_lib
[1.752s] creating /home/jffg/Desktop/CargaBot/ROS2_Software/ros2_ws/install/lab1_py_pkg/lib/python3.12/site-packages/lab1_py_pkg
[1.752s] copying /home/jffg/Desktop/CargaBot/ROS2_Software/ros2_ws/build/lab1_py_pkg/build/lib/lab1_py_pkg/serial_bridge_zero.py -> /home/jffg/Desktop/CargaBot/ROS2_Software/ros2_ws/install/lab1_py_pkg/lib/python3.12/site-packages/lab1_py_pkg
[1.752s] copying /home/jffg/Desktop/CargaBot/ROS2_Software/ros2_ws/build/lab1_py_pkg/build/lib/lab1_py_pkg/turtle_bot_serial_bridge.py -> /home/jffg/Desktop/CargaBot/ROS2_Software/ros2_ws/install/lab1_py_pkg/lib/python3.12/site-packages/lab1_py_pkg
[1.752s] copying /home/jffg/Desktop/CargaBot/ROS2_Software/ros2_ws/build/lab1_py_pkg/build/lib/lab1_py_pkg/turtle_bot_player.py -> /home/jffg/Desktop/CargaBot/ROS2_Software/ros2_ws/install/lab1_py_pkg/lib/python3.12/site-packages/lab1_py_pkg
[1.753s] copying /home/jffg/Desktop/CargaBot/ROS2_Software/ros2_ws/build/lab1_py_pkg/build/lib/lab1_py_pkg/__init__.py -> /home/jffg/Desktop/CargaBot/ROS2_Software/ros2_ws/install/lab1_py_pkg/lib/python3.12/site-packages/lab1_py_pkg
[1.753s] copying /home/jffg/Desktop/CargaBot/ROS2_Software/ros2_ws/build/lab1_py_pkg/build/lib/lab1_py_pkg/turtle_bot_interface.py -> /home/jffg/Desktop/CargaBot/ROS2_Software/ros2_ws/install/lab1_py_pkg/lib/python3.12/site-packages/lab1_py_pkg
[1.753s] copying /home/jffg/Desktop/CargaBot/ROS2_Software/ros2_ws/build/lab1_py_pkg/build/lib/lab1_py_pkg/turtle_bot_teleop.py -> /home/jffg/Desktop/CargaBot/ROS2_Software/ros2_ws/install/lab1_py_pkg/lib/python3.12/site-packages/lab1_py_pkg
[1.754s] byte-compiling /home/jffg/Desktop/CargaBot/ROS2_Software/ros2_ws/install/lab1_py_pkg/lib/python3.12/site-packages/lab1_py_pkg/serial_bridge_zero.py to serial_bridge_zero.cpython-312.pyc
[1.756s] byte-compiling /home/jffg/Desktop/CargaBot/ROS2_Software/ros2_ws/install/lab1_py_pkg/lib/python3.12/site-packages/lab1_py_pkg/turtle_bot_serial_bridge.py to turtle_bot_serial_bridge.cpython-312.pyc
[1.758s] byte-compiling /home/jffg/Desktop/CargaBot/ROS2_Software/ros2_ws/install/lab1_py_pkg/lib/python3.12/site-packages/lab1_py_pkg/turtle_bot_player.py to turtle_bot_player.cpython-312.pyc
[1.760s] byte-compiling /home/jffg/Desktop/CargaBot/ROS2_Software/ros2_ws/install/lab1_py_pkg/lib/python3.12/site-packages/lab1_py_pkg/__init__.py to __init__.cpython-312.pyc
[1.760s] byte-compiling /home/jffg/Desktop/CargaBot/ROS2_Software/ros2_ws/install/lab1_py_pkg/lib/python3.12/site-packages/lab1_py_pkg/turtle_bot_interface.py to turtle_bot_interface.cpython-312.pyc
[1.765s] byte-compiling /home/jffg/Desktop/CargaBot/ROS2_Software/ros2_ws/install/lab1_py_pkg/lib/python3.12/site-packages/lab1_py_pkg/turtle_bot_teleop.py to turtle_bot_teleop.cpython-312.pyc
[1.767s] running install_data
[1.767s] creating /home/jffg/Desktop/CargaBot/ROS2_Software/ros2_ws/install/lab1_py_pkg/share
[1.767s] creating /home/jffg/Desktop/CargaBot/ROS2_Software/ros2_ws/install/lab1_py_pkg/share/ament_index
[1.767s] creating /home/jffg/Desktop/CargaBot/ROS2_Software/ros2_ws/install/lab1_py_pkg/share/ament_index/resource_index
[1.767s] creating /home/jffg/Desktop/CargaBot/ROS2_Software/ros2_ws/install/lab1_py_pkg/share/ament_index/resource_index/packages
[1.768s] copying resource/lab1_py_pkg -> /home/jffg/Desktop/CargaBot/ROS2_Software/ros2_ws/install/lab1_py_pkg/share/ament_index/resource_index/packages
[1.768s] creating /home/jffg/Desktop/CargaBot/ROS2_Software/ros2_ws/install/lab1_py_pkg/share/lab1_py_pkg
[1.768s] error: can't copy 'package.xml': doesn't exist or not a regular file
[1.823s] Invoked command in '/home/jffg/Desktop/CargaBot/ROS2_Software/ros2_ws/src/lab1_py_pkg' returned '1': DEBUGINFOD_URLS=https://debuginfod.ubuntu.com PYTHONPATH=/home/jffg/Desktop/CargaBot/ROS2_Software/ros2_ws/build/lab1_py_pkg/prefix_override:/usr/lib/python3/dist-packages/colcon_core/task/python/colcon_distutils_commands:/home/jffg/Desktop/CargaBot/ROS2_Software/ros2_ws/install/lab1_py_pkg/lib/python3.12/site-packages:${PYTHONPATH} /usr/bin/python3 -W ignore:setup.py install is deprecated -W ignore:easy_install command is deprecated setup.py egg_info --egg-base ../../build/lab1_py_pkg build --build-base /home/jffg/Desktop/CargaBot/ROS2_Software/ros2_ws/build/lab1_py_pkg/build install --record /home/jffg/Desktop/CargaBot/ROS2_Software/ros2_ws/build/lab1_py_pkg/install.log --single-version-externally-managed install_data
